[Info  - 12:10:19.761] Reading sessions from secret storage...
[Info  - 12:10:20.242] Got 0 stored sessions
[Info  - 12:10:20.397] Getting sessions for the following scopes: email offline_access openid profile
[Trace  - 12:10:20.397] No session found with idtoken scopes... Using fallback scope list of: email offline_access openid profile
[Info  - 12:10:20.397] Got 0 sessions for scopes: email offline_access openid profile
[Info  - 12:10:44.354] Getting sessions for all scopes...
[Info  - 12:10:44.354] Got 0 sessions for all scopes...
[Info  - 12:10:44.354] Getting sessions for all scopes...
[Info  - 12:10:44.354] Got 0 sessions for all scopes...
[Info  - 12:10:44.355] Getting sessions for all scopes...
[Info  - 12:10:44.355] Got 0 sessions for all scopes...
[Info  - 12:10:44.356] Getting sessions for all scopes...
[Info  - 12:10:44.356] Got 0 sessions for all scopes...
[Info  - 12:10:54.347] Getting sessions for all scopes...
[Info  - 12:10:54.347] Got 0 sessions for all scopes...
[Info  - 12:10:54.347] Getting sessions for all scopes...
[Info  - 12:10:54.347] Got 0 sessions for all scopes...
[Info  - 12:10:54.348] Getting sessions for all scopes...
[Info  - 12:10:54.348] Got 0 sessions for all scopes...
[Info  - 12:10:54.348] Getting sessions for all scopes...
[Info  - 12:10:54.348] Got 0 sessions for all scopes...
[Info  - 12:10:54.348] Getting sessions for all scopes...
[Info  - 12:10:54.348] Got 0 sessions for all scopes...
[Info  - 12:10:54.348] Getting sessions for all scopes...
[Info  - 12:10:54.348] Got 0 sessions for all scopes...
[Info  - 12:10:54.348] Getting sessions for all scopes...
[Info  - 12:10:54.348] Got 0 sessions for all scopes...
[Info  - 12:10:54.348] Getting sessions for all scopes...
[Info  - 12:10:54.348] Got 0 sessions for all scopes...
[Info  - 12:10:54.348] Getting sessions for all scopes...
[Info  - 12:10:54.348] Got 0 sessions for all scopes...
[Info  - 12:10:56.66] Getting sessions for all scopes...
[Info  - 12:10:56.66] Got 0 sessions for all scopes...
[Info  - 12:10:56.433] Getting sessions for all scopes...
[Info  - 12:10:56.433] Got 0 sessions for all scopes...
[Info  - 12:10:57.383] Getting sessions for the following scopes: email offline_access openid profile
[Trace  - 12:10:57.383] No session found with idtoken scopes... Using fallback scope list of: email offline_access openid profile
[Info  - 12:10:57.383] Got 0 sessions for scopes: email offline_access openid profile
[Info  - 12:11:13.11] Getting sessions for all scopes...
[Info  - 12:11:13.11] Got 0 sessions for all scopes...
[Info  - 12:11:24.327] Getting sessions for the following scopes: email offline_access openid profile
[Trace  - 12:11:24.327] No session found with idtoken scopes... Using fallback scope list of: email offline_access openid profile
[Info  - 12:11:24.327] Got 0 sessions for scopes: email offline_access openid profile
[Info  - 12:11:24.327] Getting sessions for the following scopes: email offline_access openid profile
[Trace  - 12:11:24.328] No session found with idtoken scopes... Using fallback scope list of: email offline_access openid profile
[Info  - 12:11:24.328] Got 0 sessions for scopes: email offline_access openid profile
[Info  - 12:11:25.713] Getting sessions for all scopes...
[Info  - 12:11:25.713] Got 0 sessions for all scopes...
