[2022-08-19T12:10:20.242Z] Уровень ведения журнала: Info
[2022-08-19T12:10:20.254Z] [info] Проверка найденного git в:git
[2022-08-19T12:10:20.314Z] [info] Используется git 2.23.0 из git
[2022-08-19T12:10:20.422Z] > git rev-parse --show-toplevel [28ms]
[2022-08-19T12:10:20.485Z] > git rev-parse --git-dir --git-common-dir [40ms]
[2022-08-19T12:10:20.545Z] [info] Open repository: /home/bbd
[2022-08-19T12:10:23.387Z] > git status -z -uall [2787ms]
[2022-08-19T12:10:39.575Z] > git symbolic-ref --short HEAD [4ms]
[2022-08-19T12:10:39.590Z] > git for-each-ref --format=%(refname)%00%(upstream:short)%00%(objectname)%00%(upstream:track)%00%(upstream:remotename)%00%(upstream:remoteref) refs/heads/master refs/remotes/master [2ms]
[2022-08-19T12:10:39.614Z] > git remote --verbose [3ms]
[2022-08-19T12:10:39.615Z] > git for-each-ref --sort -committerdate --format %(refname) %(objectname) %(*objectname) [14ms]
[2022-08-19T12:10:44.371Z] > git config --get commit.template [24ms]
[2022-08-19T12:10:44.808Z] > git status -z -uall [419ms]
[2022-08-19T12:10:44.814Z] > git symbolic-ref --short HEAD [8ms]
[2022-08-19T12:10:44.840Z] > git for-each-ref --format=%(refname)%00%(upstream:short)%00%(objectname)%00%(upstream:track)%00%(upstream:remotename)%00%(upstream:remoteref) refs/heads/master refs/remotes/master [3ms]
[2022-08-19T12:10:44.877Z] > git for-each-ref --sort -committerdate --format %(refname) %(objectname) %(*objectname) [23ms]
[2022-08-19T12:10:44.880Z] > git remote --verbose [4ms]
[2022-08-19T12:10:54.366Z] > git config --get commit.template [28ms]
[2022-08-19T12:12:03.031Z] > git check-ignore -v -z --stdin [2ms]
[2022-08-19T12:13:05.305Z] > git check-ignore -v -z --stdin [8ms]
[2022-08-19T12:13:56.110Z] > git check-ignore -v -z --stdin [4ms]
[2022-08-19T12:13:56.931Z] > git check-ignore -v -z --stdin [4ms]
[2022-08-19T12:19:05.367Z] > git show --textconv :snap/react-app/package.json [16ms]
[2022-08-19T12:19:05.374Z] > git ls-files --stage -- /home/bbd/snap/react-app/package.json [9ms]
[2022-08-19T12:19:28.737Z] > git check-ignore -v -z --stdin [2ms]
[2022-08-19T12:19:41.553Z] > git show --textconv :snap/react-app/.gitignore [12ms]
[2022-08-19T12:19:41.557Z] > git ls-files --stage -- /home/bbd/snap/react-app/.gitignore [5ms]
[2022-08-19T12:21:23.614Z] > git check-ignore -v -z --stdin [17ms]
[2022-08-19T12:21:25.034Z] > git show --textconv :snap/react-app/src/App.css [20ms]
[2022-08-19T12:21:25.044Z] > git ls-files --stage -- /home/bbd/snap/react-app/src/App.css [11ms]
[2022-08-19T12:21:31.574Z] > git show --textconv :snap/react-app/README.md [77ms]
[2022-08-19T12:21:31.575Z] > git ls-files --stage -- /home/bbd/snap/react-app/README.md [63ms]
[2022-08-19T12:24:55.608Z] > git show --textconv :snap/react-app/src/index.css [13ms]
[2022-08-19T12:24:55.609Z] > git ls-files --stage -- /home/bbd/snap/react-app/src/index.css [3ms]
[2022-08-19T12:25:08.654Z] > git ls-files --stage -- /home/bbd/snap/react-app/src/index.js [2ms]
[2022-08-19T12:25:08.655Z] > git show --textconv :snap/react-app/src/index.js [25ms]
[2022-08-19T12:25:19.224Z] > git show --textconv :snap/react-app/src/logo.svg [13ms]
[2022-08-19T12:25:19.227Z] > git ls-files --stage -- /home/bbd/snap/react-app/src/logo.svg [4ms]
[2022-08-19T12:25:27.042Z] > git show --textconv :snap/react-app/src/reportWebVitals.js [47ms]
[2022-08-19T12:25:27.054Z] > git ls-files --stage -- /home/bbd/snap/react-app/src/reportWebVitals.js [14ms]
[2022-08-19T12:25:40.717Z] > git check-ignore -v -z --stdin [2ms]
[2022-08-19T12:25:41.925Z] > git show --textconv :snap/react-app/public/index.html [216ms]
[2022-08-19T12:25:41.925Z] > git ls-files --stage -- /home/bbd/snap/react-app/public/index.html [188ms]
[2022-08-19T12:25:51.079Z] > git show --textconv :snap/react-app/public/manifest.json [11ms]
[2022-08-19T12:25:51.159Z] > git ls-files --stage -- /home/bbd/snap/react-app/public/manifest.json [81ms]
[2022-08-19T12:26:00.171Z] > git show --textconv :snap/react-app/public/index.html [30ms]
[2022-08-19T12:26:00.173Z] > git ls-files --stage -- /home/bbd/snap/react-app/public/index.html [4ms]
[2022-08-19T13:25:29.756Z] > git show --textconv :snap/react-app/src/logo.svg [13ms]
[2022-08-19T13:25:29.757Z] > git ls-files --stage -- /home/bbd/snap/react-app/src/logo.svg [2ms]
[2022-08-19T13:25:31.126Z] > git show --textconv :snap/react-app/src/index.js [19ms]
[2022-08-19T13:25:31.133Z] > git ls-files --stage -- /home/bbd/snap/react-app/src/index.js [8ms]
[2022-08-19T13:25:37.340Z] > git show --textconv :snap/react-app/src/reportWebVitals.js [25ms]
[2022-08-19T13:25:37.358Z] > git ls-files --stage -- /home/bbd/snap/react-app/src/reportWebVitals.js [19ms]
[2022-08-19T13:25:38.029Z] > git show --textconv :snap/react-app/src/index.js [48ms]
[2022-08-19T13:25:38.037Z] > git ls-files --stage -- /home/bbd/snap/react-app/src/index.js [9ms]
[2022-08-19T13:26:02.814Z] > git show --textconv :snap/react-app/src/reportWebVitals.js [12ms]
[2022-08-19T13:26:02.819Z] > git ls-files --stage -- /home/bbd/snap/react-app/src/reportWebVitals.js [5ms]
[2022-08-19T13:26:08.972Z] > git show --textconv :snap/react-app/src/index.js [19ms]
[2022-08-19T13:26:08.975Z] > git ls-files --stage -- /home/bbd/snap/react-app/src/index.js [10ms]
[2022-08-19T14:25:57.837Z] > git show --textconv :snap/react-app/README.md [15ms]
[2022-08-19T14:25:57.838Z] > git ls-files --stage -- /home/bbd/snap/react-app/README.md [4ms]
[2022-08-19T14:26:01.236Z] > git show --textconv :snap/react-app/.gitignore [13ms]
[2022-08-19T14:26:01.236Z] > git ls-files --stage -- /home/bbd/snap/react-app/.gitignore [2ms]
[2022-08-19T14:26:05.043Z] > git show --textconv :snap/react-app/src/index.js [13ms]
[2022-08-19T14:26:05.044Z] > git ls-files --stage -- /home/bbd/snap/react-app/src/index.js [2ms]
[2022-08-19T14:26:11.429Z] > git show --textconv :snap/react-app/public/robots.txt [33ms]
[2022-08-19T14:26:11.435Z] > git ls-files --stage -- /home/bbd/snap/react-app/public/robots.txt [8ms]
[2022-08-19T14:26:25.703Z] > git check-ignore -v -z --stdin [1ms]
[2022-08-19T14:26:34.708Z] > git show --textconv :snap/react-app/README.md [22ms]
[2022-08-19T14:26:34.711Z] > git ls-files --stage -- /home/bbd/snap/react-app/README.md [4ms]
[2022-08-19T14:26:40.691Z] > git show --textconv :snap/react-app/public/index.html [14ms]
[2022-08-19T14:26:40.691Z] > git ls-files --stage -- /home/bbd/snap/react-app/public/index.html [2ms]
