[Info  - 12:10:20.917] Reading sessions from keychain...
[Info  - 12:10:21.284] Getting sessions for user:email...
[Info  - 12:10:21.284] Getting sessions for all scopes...
[Info  - 12:10:21.533] Got 0 sessions for user:email...
[Info  - 12:10:21.533] Got 0 sessions for ...
[Info  - 12:10:44.354] Getting sessions for all scopes...
[Info  - 12:10:44.355] Getting sessions for all scopes...
[Info  - 12:10:44.355] Getting sessions for all scopes...
[Info  - 12:10:44.356] Getting sessions for all scopes...
[Info  - 12:10:44.360] Got 0 sessions for ...
[Info  - 12:10:44.360] Got 0 sessions for ...
[Info  - 12:10:44.360] Got 0 sessions for ...
[Info  - 12:10:44.360] Got 0 sessions for ...
[Info  - 12:10:54.347] Getting sessions for all scopes...
[Info  - 12:10:54.347] Getting sessions for all scopes...
[Info  - 12:10:54.348] Getting sessions for all scopes...
[Info  - 12:10:54.348] Getting sessions for all scopes...
[Info  - 12:10:54.348] Getting sessions for all scopes...
[Info  - 12:10:54.348] Getting sessions for all scopes...
[Info  - 12:10:54.348] Getting sessions for all scopes...
[Info  - 12:10:54.348] Getting sessions for all scopes...
[Info  - 12:10:54.348] Getting sessions for all scopes...
[Info  - 12:10:54.351] Got 0 sessions for ...
[Info  - 12:10:54.352] Got 0 sessions for ...
[Info  - 12:10:54.352] Got 0 sessions for ...
[Info  - 12:10:54.352] Got 0 sessions for ...
[Info  - 12:10:54.352] Got 0 sessions for ...
[Info  - 12:10:54.352] Got 0 sessions for ...
[Info  - 12:10:54.352] Got 0 sessions for ...
[Info  - 12:10:54.352] Got 0 sessions for ...
[Info  - 12:10:54.352] Got 0 sessions for ...
[Info  - 12:10:56.66] Getting sessions for all scopes...
[Info  - 12:10:56.66] Got 0 sessions for ...
[Info  - 12:10:56.433] Getting sessions for all scopes...
[Info  - 12:10:56.434] Got 0 sessions for ...
[Info  - 12:10:57.387] Getting sessions for user:email...
[Info  - 12:10:57.387] Got 0 sessions for user:email...
[Info  - 12:10:58.483] Logging in for the following scopes: user:email
[Info  - 12:10:58.488] Trying without local server... (user:email)
[Error  - 12:11:06.749] User Cancelled
[Info  - 12:11:07.733] Trying with local server... (user:email)
[Info  - 12:11:09.80] Exchanging code for token...
[Info  - 12:11:09.662] Token exchange success!
[Info  - 12:11:09.663] Getting user info...
[Info  - 12:11:10.50] Got account info!
[Info  - 12:11:10.126] Storing 1 sessions...
[Info  - 12:11:13.11] Getting sessions for all scopes...
[Info  - 12:11:13.12] Got 1 sessions for ...
[Info  - 12:11:24.321] Reading sessions from keychain...
[Info  - 12:11:24.321] Stored 1 sessions!
[Info  - 12:11:24.322] Login success!
[Info  - 12:11:24.330] Getting sessions for user:email...
[Info  - 12:11:24.330] Getting sessions for user:email...
[Trace  - 12:11:24.332] Token acquired from secret storage.
[Info  - 12:11:24.333] Got stored sessions!
[Trace  - 12:11:24.333] Read the following session from the keychain with the following scopes: user:email
[Info  - 12:11:24.333] Got 1 verified sessions.
[Info  - 12:11:24.333] Got 1 sessions for user:email...
[Info  - 12:11:24.333] Got 1 sessions for user:email...
[Info  - 12:11:25.713] Getting sessions for all scopes...
[Info  - 12:11:25.713] Got 1 sessions for ...
