[2022-08-17 15:31:22.818] [sharedprocess] [info] Starting worker process with pid 5339 (type: fileWatcher, window: 1).
[2022-08-17 15:33:44.467] [sharedprocess] [info] Uninstalling extension: github.codespaces@1.10.0
[2022-08-17 15:33:44.929] [sharedprocess] [info] Detected extension removed from another source github.codespaces
[2022-08-17 15:33:44.955] [sharedprocess] [info] Successfully uninstalled extension: github.codespaces@1.10.0
[2022-08-17 15:33:54.779] [sharedprocess] [info] Getting Manifest... github.vscode-pull-request-github
[2022-08-17 15:33:55.320] [sharedprocess] [info] Installing extension: github.vscode-pull-request-github
[2022-08-17 15:33:57.318] [sharedprocess] [info] Downloaded extension: github.vscode-pull-request-github /home/bbd/.config/Code/CachedExtensionVSIXs/github.vscode-pull-request-github-0.48.1
[2022-08-17 15:33:57.624] [sharedprocess] [info] Extracted extension to /home/bbd/.vscode/extensions/.ca498625-6595-481c-a47a-22844335942d: github.vscode-pull-request-github
[2022-08-17 15:33:57.684] [sharedprocess] [info] Renamed to /home/bbd/.vscode/extensions/github.vscode-pull-request-github-0.48.1
[2022-08-17 15:33:57.689] [sharedprocess] [info] Extracting completed. github.vscode-pull-request-github
[2022-08-17 15:33:57.733] [sharedprocess] [info] Extension installed successfully: github.vscode-pull-request-github
[2022-08-17 15:34:43.390] [sharedprocess] [info] Worker process with pid 5339 terminated normally (type: fileWatcher, window: 1).
[2022-08-17 15:34:45.115] [sharedprocess] [info] Starting worker process with pid 6664 (type: fileWatcher, window: 1).
[2022-08-17 15:35:23.818] [sharedprocess] [info] Getting Manifest... github.vscode-pull-request-github
[2022-08-17 15:35:24.351] [sharedprocess] [info] Installing extension: github.vscode-pull-request-github
[2022-08-17 15:35:25.925] [sharedprocess] [info] Downloaded extension: github.vscode-pull-request-github /home/bbd/.config/Code/CachedExtensionVSIXs/github.vscode-pull-request-github-0.49.2022081709
[2022-08-17 15:35:26.166] [sharedprocess] [info] Removed the extension from uninstalled list: github.vscode-pull-request-github
[2022-08-17 15:35:26.313] [sharedprocess] [info] Extension installed successfully: github.vscode-pull-request-github
[2022-08-17 15:36:48.736] [sharedprocess] [info] Worker process with pid 6664 terminated normally (type: fileWatcher, window: 1).
[2022-08-17 15:36:50.942] [sharedprocess] [info] Starting worker process with pid 7382 (type: fileWatcher, window: 1).
