[Info  - 12:09:49.509] Reading sessions from keychain...
[Info  - 12:09:49.937] Getting sessions for user:email...
[Info  - 12:09:49.937] Getting sessions for all scopes...
[Info  - 12:09:49.939] Got 0 sessions for user:email...
[Info  - 12:09:49.940] Got 0 sessions for ...
[Info  - 12:09:50.23] Getting sessions for codespace,read:user,repo,user:email...
[Info  - 12:09:50.25] Got 0 sessions for codespace,read:user,repo,user:email...
[Info  - 12:09:51.484] Getting sessions for codespace,read:user,repo,user:email...
[Info  - 12:09:51.484] Got 0 sessions for codespace,read:user,repo,user:email...
[Info  - 12:09:54.711] Logging in for the following scopes: codespace read:user repo user:email
[Info  - 12:09:54.729] Trying without local server... (codespace read:user repo user:email)
[Info  - 12:10:11.553] Getting sessions for all scopes...
[Info  - 12:10:11.554] Got 0 sessions for ...
[Info  - 12:10:12.476] Getting sessions for user:email...
[Info  - 12:10:12.477] Got 0 sessions for user:email...
[Info  - 12:10:13.673] Logging in for the following scopes: user:email
[Info  - 12:10:13.677] Trying without local server... (user:email)
[Error  - 12:10:27.990] User Cancelled
[Error  - 12:10:28.467] User Cancelled
[Error  - 12:10:28.485] Error: Cancelled
[Error  - 12:10:28.545] Error: Cancelled
[Error  - 12:10:28.567] Error: Cancelled
[Info  - 12:10:50.622] Getting sessions for codespace,read:user,repo,user:email...
[Info  - 12:10:50.622] Got 0 sessions for codespace,read:user,repo,user:email...
[Info  - 12:10:53.322] Logging in for the following scopes: codespace read:user repo user:email
[Info  - 12:10:53.328] Trying without local server... (codespace read:user repo user:email)
[Error  - 12:10:57.832] Canceled: Canceled
