["INFO" - 3:09:50 PM] Extension Name: esbenp.prettier-vscode.
["INFO" - 3:09:50 PM] Extension Version: 9.5.0.
["INFO" - 3:10:42 PM] Formatting file:///home/bbd/snap/react-intro/.vscode/extensions.json
["INFO" - 3:10:42 PM] Using ignore file (if present) at /home/bbd/snap/react-intro/.prettierignore
["INFO" - 3:10:42 PM] File Info:
{
  "ignored": false,
  "inferredParser": "json"
}
["INFO" - 3:10:42 PM] No local configuration (i.e. .prettierrc or .editorconfig) detected, falling back to VS Code configuration
["INFO" - 3:10:42 PM] Prettier Options:
{
  "arrowParens": "always",
  "bracketSpacing": true,
  "endOfLine": "lf",
  "htmlWhitespaceSensitivity": "css",
  "insertPragma": false,
  "jsxBracketSameLine": false,
  "jsxSingleQuote": false,
  "printWidth": 40,
  "proseWrap": "preserve",
  "quoteProps": "as-needed",
  "requirePragma": false,
  "semi": true,
  "singleQuote": false,
  "tabWidth": 2,
  "trailingComma": "es5",
  "useTabs": false,
  "vueIndentScriptAndStyle": false,
  "filepath": "/home/bbd/snap/react-intro/.vscode/extensions.json",
  "parser": "json"
}
["INFO" - 3:10:42 PM] Formatting completed in 0.603ms.
