[Info  - 12:25:26.931] Reading sessions from keychain...
[Info  - 12:25:27.302] Getting sessions for user:email...
[Info  - 12:25:27.302] Getting sessions for all scopes...
[Info  - 12:25:27.302] Got 0 sessions for user:email...
[Info  - 12:25:27.302] Got 0 sessions for ...
[Info  - 12:25:27.389] Getting sessions for codespace,read:user,repo,user:email...
[Info  - 12:25:27.397] Got 0 sessions for codespace,read:user,repo,user:email...
[Info  - 12:25:34.340] Getting sessions for all scopes...
[Info  - 12:25:34.341] Got 0 sessions for ...
[Info  - 12:25:35.119] Getting sessions for user:email...
[Info  - 12:25:35.119] Got 0 sessions for user:email...
[Info  - 12:25:36.157] Logging in for the following scopes: user:email
[Info  - 12:25:36.181] Trying without local server... (user:email)
[Error  - 12:26:24.353] User Cancelled
[Error  - 12:26:24.908] Error: Cancelled
[Error  - 12:26:25.520] Error: Cancelled
[Info  - 12:26:29.63] Getting sessions for codespace,read:user,repo,user:email...
[Info  - 12:26:29.63] Got 0 sessions for codespace,read:user,repo,user:email...
[Info  - 12:26:35.950] Logging in for the following scopes: codespace read:user repo user:email
[Info  - 12:26:35.954] Trying without local server... (codespace read:user repo user:email)
[Error  - 12:26:59.915] User Cancelled
[Error  - 12:27:00.417] Error: Cancelled
[Error  - 12:27:00.902] Error: Cancelled
