[Info  - 14:27:28.273] Reading sessions from keychain...
[Info  - 14:27:28.980] Getting sessions for user:email...
[Info  - 14:27:28.986] Getting sessions for all scopes...
[Trace  - 14:27:29.188] Token acquired from secret storage.
[Info  - 14:27:29.188] Got stored sessions!
[Trace  - 14:27:29.189] Read the following session from the keychain with the following scopes: user:email
[Info  - 14:27:29.189] Got 1 verified sessions.
[Info  - 14:27:29.193] Got 1 sessions for user:email...
[Info  - 14:27:29.193] Got 1 sessions for ...
[Info  - 14:27:39.742] Getting sessions for all scopes...
[Info  - 14:27:39.743] Got 1 sessions for ...
[Info  - 15:43:57.880] Getting sessions for all scopes...
[Info  - 15:43:57.880] Got 1 sessions for ...
[Info  - 12:18:39.458] Getting sessions for all scopes...
[Info  - 12:18:39.468] Got 1 sessions for ...
[Info  - 09:45:48.646] Getting sessions for read:user,repo,user:email,workflow...
[Info  - 09:45:48.665] Got 0 sessions for read:user,repo,user:email,workflow...
[Info  - 09:45:52.372] Logging in for the following scopes: read:user repo user:email workflow
[Info  - 09:45:52.392] Trying without local server... (read:user repo user:email workflow)
[Info  - 09:45:53.917] Getting sessions for all scopes...
[Info  - 09:45:53.934] Got 1 sessions for ...
[Info  - 09:45:57.720] Getting sessions for all scopes...
[Info  - 09:45:57.720] Got 1 sessions for ...
[Error  - 09:46:06.744] User Cancelled
[Info  - 09:46:08.502] Trying with local server... (read:user repo user:email workflow)
[Info  - 09:46:09.855] Exchanging code for token...
[Info  - 09:46:10.449] Token exchange success!
[Info  - 09:46:10.450] Getting user info...
[Info  - 09:46:10.865] Got account info!
[Info  - 09:46:10.866] Storing 2 sessions...
[Info  - 09:46:11.500] Reading sessions from keychain...
[Info  - 09:46:11.501] Stored 2 sessions!
[Info  - 09:46:11.501] Login success!
[Info  - 09:46:11.511] Getting sessions for user:email...
[Trace  - 09:46:11.512] Token acquired from secret storage.
[Info  - 09:46:11.512] Got stored sessions!
[Trace  - 09:46:11.512] Read the following session from the keychain with the following scopes: user:email
[Trace  - 09:46:11.512] Read the following session from the keychain with the following scopes: read:user repo user:email workflow
[Info  - 09:46:11.512] Got 2 verified sessions.
[Info  - 09:46:11.512] Got 1 sessions for user:email...
