[Client I] isRunningInWeb: "false"
[Client V] Initializing authentication
[Authentication W] Failed to load session: undefined
[Authentication W] Failed to load session: undefined
[API I] Signing out due to unsuccessful sign in attempt
[Client:extension:c4e2 I] initializing
[Client:extension:c4e2 I] creating LiveShare ConnectionHub, with type: "main thread"
[Client:extension:c4e2 I] 1 connections used: > object #0: [object Object]
[Client:extension:c4e2:resolver I] created with protocol "codespaces"
[RemoteExplorer I] Updating codespace performance info
[RemoteExplorer I] Updating codespace performance info
[Command:SignIn I] Decorator starting: ErrorNotification
[Command:SignIn I] Decorator starting: Telemetry
[Command:SignIn I] Decorator starting: ErrorNotification
[Command:SignIn I] Decorator starting: Telemetry
[Authentication V] Existing login in progress. Waiting for completion...
[Authentication W] Failed to load session: undefined
[Authentication E] Failed to sign in: no token available
[RemoteExplorer I] Updating codespace performance info
[RemoteExplorer I] Updating codespace performance info
[API I] Signing out due to unsuccessful sign in attempt
[API I] Signing out due to unsuccessful sign in attempt
[Command:SignIn I] Command [Sign In]: Sign In Success (5030ms)
[Command:SignIn I] Command [Sign In]: Sign In Success (4622ms)
[Command:SignIn I] Decorator finishing: Telemetry. Duration: 6ms (1 + 5)
[Command:SignIn I] Decorator finishing: Telemetry. Duration: 5ms (0 + 5)
[Command:SignIn I] Decorator finishing: ErrorNotification. Duration: 1ms (1 + 0)
[Command:SignIn I] Decorator finishing: ErrorNotification. Duration: 0ms (0 + 0)
[Client:extension:c4e2:resolver V] disposing reason: 'vscode disposed the resolver', disposing 2 objects
