[2022-08-17 15:07:47.662] [exthost] [info] Extension host with pid 54967 started
[2022-08-17 15:07:47.662] [exthost] [info] Skipping acquiring lock for /home/bbd/.config/Code/User/workspaceStorage/7f2afa3e866a46178de3ffb5c58a1265.
[2022-08-17 15:07:47.982] [exthost] [info] ExtensionService#_doActivateExtension vscode.microsoft-authentication, startup: false, activationEvent: 'onAuthenticationRequest:microsoft'
[2022-08-17 15:07:48.081] [exthost] [info] ExtensionService#_doActivateExtension vscode.debug-auto-launch, startup: true, activationEvent: '*'
[2022-08-17 15:07:48.101] [exthost] [info] ExtensionService#_doActivateExtension vscode.git-base, startup: true, activationEvent: '*', root cause: vscode.git
[2022-08-17 15:07:48.119] [exthost] [info] ExtensionService#_doActivateExtension vscode.ipynb, startup: true, activationEvent: '*'
[2022-08-17 15:07:48.140] [exthost] [info] ExtensionService#_doActivateExtension donjayamanne.githistory, startup: true, activationEvent: '*'
[2022-08-17 15:07:48.237] [exthost] [info] ExtensionService#_doActivateExtension ecmel.vscode-html-css, startup: true, activationEvent: '*'
[2022-08-17 15:07:48.402] [exthost] [info] ExtensionService#_doActivateExtension formulahendry.auto-close-tag, startup: true, activationEvent: '*'
[2022-08-17 15:07:48.416] [exthost] [info] ExtensionService#_doActivateExtension formulahendry.auto-rename-tag, startup: true, activationEvent: '*'
[2022-08-17 15:07:48.463] [exthost] [info] ExtensionService#_doActivateExtension GitHub.codespaces, startup: true, activationEvent: '*'
[2022-08-17 15:07:49.301] [exthost] [info] ExtensionService#_doActivateExtension vscode.git, startup: true, activationEvent: '*'
[2022-08-17 15:07:49.347] [exthost] [info] ExtensionService#_doActivateExtension vscode.github, startup: true, activationEvent: '*'
[2022-08-17 15:07:55.910] [exthost] [info] Eager extensions activated
[2022-08-17 15:07:55.928] [exthost] [info] ExtensionService#_doActivateExtension vscode.emmet, startup: false, activationEvent: 'onStartupFinished'
[2022-08-17 15:07:55.957] [exthost] [info] ExtensionService#_doActivateExtension vscode.merge-conflict, startup: false, activationEvent: 'onStartupFinished'
[2022-08-17 15:07:55.976] [exthost] [info] ExtensionService#_doActivateExtension esbenp.prettier-vscode, startup: false, activationEvent: 'onStartupFinished'
[2022-08-17 15:07:56.144] [exthost] [info] ExtensionService#_doActivateExtension ritwickdey.LiveServer, startup: false, activationEvent: 'onStartupFinished'
[2022-08-17 15:09:15.368] [exthost] [info] ExtensionService#_doActivateExtension CloudStudio.github-authentication, startup: false, activationEvent: 'onAuthenticationRequest:github'
[2022-08-17 15:09:35.178] [exthost] [info] Extension host terminating: received terminate message from renderer
[2022-08-17 15:09:35.212] [exthost] [info] Extension host with pid 54967 exiting with code 0
