[2022-08-19 17:27:23.194] [exthost] [info] Extension host with pid 25563 started
[2022-08-19 17:27:23.194] [exthost] [info] Skipping acquiring lock for /home/bbd/.config/Code/User/workspaceStorage/3e0a9ca54c760fc3cbf04831cdfa726a.
[2022-08-19 17:27:23.664] [exthost] [info] ExtensionService#_doActivateExtension vscode.html-language-features, startup: false, activationEvent: 'onLanguage:html'
[2022-08-19 17:27:23.776] [exthost] [info] ExtensionService#_doActivateExtension vscode.microsoft-authentication, startup: false, activationEvent: 'onAuthenticationRequest:microsoft'
[2022-08-19 17:27:23.890] [exthost] [info] ExtensionService#_doActivateExtension vscode.debug-auto-launch, startup: true, activationEvent: '*'
[2022-08-19 17:27:23.904] [exthost] [info] ExtensionService#_doActivateExtension vscode.git-base, startup: true, activationEvent: '*', root cause: vscode.git
[2022-08-19 17:27:23.913] [exthost] [info] ExtensionService#_doActivateExtension vscode.ipynb, startup: true, activationEvent: '*'
[2022-08-19 17:27:24.021] [exthost] [info] ExtensionService#_doActivateExtension donjayamanne.githistory, startup: true, activationEvent: '*'
[2022-08-19 17:27:24.190] [exthost] [info] ExtensionService#_doActivateExtension ecmel.vscode-html-css, startup: true, activationEvent: '*'
[2022-08-19 17:27:24.390] [exthost] [info] ExtensionService#_doActivateExtension formulahendry.auto-close-tag, startup: true, activationEvent: '*'
[2022-08-19 17:27:24.405] [exthost] [info] ExtensionService#_doActivateExtension formulahendry.auto-rename-tag, startup: true, activationEvent: '*'
[2022-08-19 17:27:24.515] [exthost] [info] ExtensionService#_doActivateExtension vscode.npm, startup: true, activationEvent: 'workspaceContains:package.json'
[2022-08-19 17:27:25.153] [exthost] [info] ExtensionService#_doActivateExtension vscode.git, startup: true, activationEvent: '*'
[2022-08-19 17:27:25.302] [exthost] [info] ExtensionService#_doActivateExtension vscode.github, startup: true, activationEvent: '*'
[2022-08-19 17:27:26.289] [exthost] [info] Eager extensions activated
[2022-08-19 17:27:26.545] [exthost] [info] ExtensionService#_doActivateExtension vscode.github-authentication, startup: false, activationEvent: 'onAuthenticationRequest:github'
[2022-08-19 17:27:26.692] [exthost] [info] ExtensionService#_doActivateExtension CloudStudio.github-authentication, startup: false, activationEvent: 'onAuthenticationRequest:github'
[2022-08-19 17:27:26.865] [exthost] [info] ExtensionService#_doActivateExtension vscode.emmet, startup: false, activationEvent: 'onStartupFinished'
[2022-08-19 17:27:26.924] [exthost] [info] ExtensionService#_doActivateExtension vscode.merge-conflict, startup: false, activationEvent: 'onStartupFinished'
[2022-08-19 17:27:26.945] [exthost] [info] ExtensionService#_doActivateExtension esbenp.prettier-vscode, startup: false, activationEvent: 'onStartupFinished'
[2022-08-19 17:27:27.551] [exthost] [info] ExtensionService#_doActivateExtension ritwickdey.LiveServer, startup: false, activationEvent: 'onStartupFinished'
[2022-08-19 17:27:28.851] [exthost] [error] Activating extension CloudStudio.github-authentication failed due to an error:
[2022-08-19 17:27:28.851] [exthost] [error] Error: An authentication provider with id 'github' is already registered.
    at y.registerAuthenticationProvider (/snap/code/104/usr/share/code/resources/app/out/vs/workbench/api/node/extensionHostProcess.js:85:57365)
    at Object.friendlyName [as registerAuthenticationProvider] (/snap/code/104/usr/share/code/resources/app/out/vs/workbench/api/node/extensionHostProcess.js:106:31025)
    at new github (/home/bbd/.vscode/extensions/cloudstudio.github-authentication-0.0.1/dist/webpack:/github-authentication/src/github.ts:68:82)
    at t.activate (/home/bbd/.vscode/extensions/cloudstudio.github-authentication-0.0.1/dist/webpack:/github-authentication/src/extension.ts:13:88)
    at Function._callActivateOptional (/snap/code/104/usr/share/code/resources/app/out/vs/workbench/api/node/extensionHostProcess.js:97:17473)
    at Function._callActivate (/snap/code/104/usr/share/code/resources/app/out/vs/workbench/api/node/extensionHostProcess.js:97:17131)
    at /snap/code/104/usr/share/code/resources/app/out/vs/workbench/api/node/extensionHostProcess.js:97:14942
    at processTicksAndRejections (node:internal/process/task_queues:96:5)
    at v._activate (/snap/code/104/usr/share/code/resources/app/out/vs/workbench/api/node/extensionHostProcess.js:85:8180)
    at v._waitForDepsThenActivate (/snap/code/104/usr/share/code/resources/app/out/vs/workbench/api/node/extensionHostProcess.js:85:8122)
    at v._initialize (/snap/code/104/usr/share/code/resources/app/out/vs/workbench/api/node/extensionHostProcess.js:85:7486)
[2022-08-19 17:27:29.918] [exthost] [info] ExtensionService#_doActivateExtension vscode.configuration-editing, startup: false, activationEvent: 'onLanguage:jsonc'
[2022-08-19 17:27:29.924] [exthost] [info] ExtensionService#_doActivateExtension vscode.json-language-features, startup: false, activationEvent: 'onLanguage:jsonc'
[2022-08-19 17:27:30.228] [exthost] [info] ExtensionService#_doActivateExtension vscode.typescript-language-features, startup: false, activationEvent: 'onLanguage:jsonc'
[2022-08-19 17:27:41.829] [exthost] [warning] [Decorations] CAPPING events from decorations provider vscode.git 10000
[2022-08-19 17:27:48.344] [exthost] [warning] [Decorations] CAPPING events from decorations provider vscode.git 10016
[2022-08-19 17:28:08.952] [exthost] [info] ExtensionService#_doActivateExtension vscode.extension-editing, startup: false, activationEvent: 'onLanguage:markdown'
[2022-08-19 17:28:09.043] [exthost] [info] ExtensionService#_doActivateExtension vscode.markdown-language-features, startup: false, activationEvent: 'onLanguage:markdown'
[2022-08-19 17:28:10.337] [exthost] [info] ExtensionService#_doActivateExtension vscode.markdown-math, startup: false, activationEvent: 'api', root cause: vscode.markdown-language-features
[2022-08-19 17:28:12.692] [exthost] [info] ExtensionService#_doActivateExtension vscode.simple-browser, startup: false, activationEvent: 'onOpenExternalUri:http'
[2022-08-19 17:34:56.046] [exthost] [info] ExtensionService#_doActivateExtension dsznajder.es7-react-js-snippets, startup: false, activationEvent: 'onLanguage:javascript'
[2022-08-21 18:47:25.410] [exthost] [info] ExtensionService#_doActivateExtension vscode.image-preview, startup: false, activationEvent: 'onCustomEditor:imagePreview.previewEditor'
[2022-08-22 15:33:32.976] [exthost] [info] ExtensionService#_doActivateExtension vscode.css-language-features, startup: false, activationEvent: 'onLanguage:css'
[2022-08-22 15:48:24.111] [exthost] [info] ExtensionService#_doActivateExtension PKief.material-icon-theme, startup: false, activationEvent: 'onStartupFinished'
[2022-08-22 17:39:17.369] [exthost] [warning] [Decorations] CAPPING events from decorations provider vscode.git 10341
[2022-08-22 18:10:42.379] [exthost] [warning] [Decorations] CAPPING events from decorations provider vscode.git 10034
[2022-08-22 18:10:53.772] [exthost] [warning] [Decorations] CAPPING events from decorations provider vscode.git 10008
[2022-08-22 18:12:26.479] [exthost] [info] ExtensionService#_doActivateExtension vscode.debug-server-ready, startup: false, activationEvent: 'onDebugResolve'
[2022-08-23 12:47:08.805] [exthost] [warning] [Decorations] CAPPING events from decorations provider vscode.git 10044
