[Info  - 12:31:22.646] Reading sessions from secret storage...
[Info  - 12:31:24.745] Got 0 stored sessions
[Info  - 12:31:24.847] Getting sessions for the following scopes: email offline_access openid profile
[Trace  - 12:31:24.847] No session found with idtoken scopes... Using fallback scope list of: email offline_access openid profile
[Info  - 12:31:24.847] Got 0 sessions for scopes: email offline_access openid profile
[Info  - 12:31:28.747] Getting sessions for all scopes...
[Info  - 12:31:28.747] Got 0 sessions for all scopes...
[Info  - 12:31:29.469] Getting sessions for the following scopes: email offline_access openid profile
[Trace  - 12:31:29.469] No session found with idtoken scopes... Using fallback scope list of: email offline_access openid profile
[Info  - 12:31:29.469] Got 0 sessions for scopes: email offline_access openid profile
[Info  - 12:31:49.599] Getting sessions for all scopes...
[Info  - 12:31:49.599] Got 0 sessions for all scopes...
[Info  - 12:31:54.639] Getting sessions for all scopes...
[Info  - 12:31:54.639] Got 0 sessions for all scopes...
[Info  - 12:31:55.595] Getting sessions for the following scopes: email offline_access openid profile
[Trace  - 12:31:55.595] No session found with idtoken scopes... Using fallback scope list of: email offline_access openid profile
[Info  - 12:31:55.595] Got 0 sessions for scopes: email offline_access openid profile
[Info  - 12:32:26.123] Getting sessions for all scopes...
[Info  - 12:32:26.123] Got 0 sessions for all scopes...
[Info  - 12:32:26.793] Getting sessions for the following scopes: email offline_access openid profile
[Trace  - 12:32:26.793] No session found with idtoken scopes... Using fallback scope list of: email offline_access openid profile
[Info  - 12:32:26.793] Got 0 sessions for scopes: email offline_access openid profile
[Info  - 12:33:16.272] Getting sessions for all scopes...
[Info  - 12:33:16.272] Got 0 sessions for all scopes...
[Info  - 12:33:17.191] Getting sessions for the following scopes: email offline_access openid profile
[Trace  - 12:33:17.191] No session found with idtoken scopes... Using fallback scope list of: email offline_access openid profile
[Info  - 12:33:17.191] Got 0 sessions for scopes: email offline_access openid profile
[Info  - 12:34:06.428] Getting sessions for all scopes...
[Info  - 12:34:06.428] Got 0 sessions for all scopes...
[Info  - 12:34:07.52] Getting sessions for the following scopes: email offline_access openid profile
[Trace  - 12:34:07.52] No session found with idtoken scopes... Using fallback scope list of: email offline_access openid profile
[Info  - 12:34:07.52] Got 0 sessions for scopes: email offline_access openid profile
