[Info  - 12:31:25.82] Reading sessions from keychain...
[Info  - 12:31:25.460] Getting sessions for user:email...
[Info  - 12:31:25.460] Getting sessions for all scopes...
[Info  - 12:31:25.461] Got 0 sessions for user:email...
[Info  - 12:31:25.461] Got 0 sessions for ...
[Info  - 12:31:25.485] Getting sessions for codespace,read:user,repo,user:email...
[Info  - 12:31:25.486] Got 0 sessions for codespace,read:user,repo,user:email...
[Info  - 12:31:28.747] Getting sessions for all scopes...
[Info  - 12:31:28.748] Got 0 sessions for ...
[Info  - 12:31:29.472] Getting sessions for user:email...
[Info  - 12:31:29.472] Got 0 sessions for user:email...
[Info  - 12:31:30.358] Logging in for the following scopes: user:email
[Info  - 12:31:30.372] Trying without local server... (user:email)
[Info  - 12:31:49.599] Getting sessions for all scopes...
[Info  - 12:31:49.600] Got 0 sessions for ...
[Error  - 12:31:52.27] User Cancelled
[Error  - 12:31:52.426] Error: Cancelled
[Error  - 12:31:53.129] Error: Cancelled
[Info  - 12:31:54.639] Getting sessions for all scopes...
[Info  - 12:31:54.640] Got 0 sessions for ...
[Info  - 12:31:55.600] Getting sessions for user:email...
[Info  - 12:31:55.600] Got 0 sessions for user:email...
[Info  - 12:31:56.907] Logging in for the following scopes: user:email
[Info  - 12:31:56.911] Trying without local server... (user:email)
[Info  - 12:32:26.123] Getting sessions for all scopes...
[Info  - 12:32:26.124] Got 0 sessions for ...
[Info  - 12:32:26.796] Getting sessions for user:email...
[Info  - 12:32:26.796] Got 0 sessions for user:email...
[Info  - 12:32:27.630] Logging in for the following scopes: user:email
[Info  - 12:32:27.637] Trying without local server... (user:email)
[Error  - 12:32:57.5] Cancelled
[Error  - 12:32:57.5] Cancelled
[Error  - 12:32:57.93] Error: Cancelled
[Info  - 12:33:16.272] Getting sessions for all scopes...
[Info  - 12:33:16.273] Got 0 sessions for ...
[Info  - 12:33:17.198] Getting sessions for user:email...
[Info  - 12:33:17.198] Got 0 sessions for user:email...
[Info  - 12:33:18.331] Logging in for the following scopes: user:email
[Info  - 12:33:18.336] Trying without local server... (user:email)
[Info  - 12:33:27.566] Getting sessions for codespace,read:user,repo,user:email...
[Info  - 12:33:27.569] Got 0 sessions for codespace,read:user,repo,user:email...
[Info  - 12:33:30.25] Logging in for the following scopes: codespace read:user repo user:email
[Info  - 12:33:30.29] Trying without local server... (codespace read:user repo user:email)
[Error  - 12:33:58.405] User Cancelled
[Error  - 12:33:58.413] Error: Cancelled
[Error  - 12:33:58.960] User Cancelled
[Error  - 12:33:59.17] Error: Cancelled
[Error  - 12:33:59.44] Error: Cancelled
[Error  - 12:33:59.63] Error: Cancelled
[Info  - 12:34:06.429] Getting sessions for all scopes...
[Info  - 12:34:06.429] Got 0 sessions for ...
[Info  - 12:34:07.58] Getting sessions for user:email...
[Info  - 12:34:07.59] Got 0 sessions for user:email...
[Info  - 12:34:08.366] Logging in for the following scopes: user:email
[Info  - 12:34:08.374] Trying without local server... (user:email)
[Error  - 12:34:12.935] User Cancelled
[Error  - 12:34:12.946] Error: Cancelled
[Error  - 12:34:13.766] Error: Cancelled
[Error  - 12:34:31.762] Error: Cancelled
[Error  - 12:34:43.351] Canceled: Canceled
[Error  - 12:34:43.351] Canceled: Canceled
