[2022-08-17 15:44:27.209] [main] [info] update#setState idle
[2022-08-17 15:44:29.906] [main] [info] Starting extension host with pid 11125 (fork() took 22 ms).
[2022-08-17 15:44:57.214] [main] [info] update#setState checking for updates
[2022-08-17 15:44:57.219] [main] [info] update#setState idle
[2022-08-17 16:44:57.312] [main] [info] update#setState checking for updates
[2022-08-17 16:44:57.314] [main] [info] update#setState idle
[2022-08-17 17:44:57.410] [main] [info] update#setState checking for updates
[2022-08-17 17:44:57.413] [main] [info] update#setState idle
[2022-08-18 15:20:51.283] [main] [info] update#setState checking for updates
[2022-08-18 15:20:51.287] [main] [info] update#setState idle
[2022-08-18 16:20:51.344] [main] [info] update#setState checking for updates
[2022-08-18 16:20:51.347] [main] [info] update#setState idle
[2022-08-18 17:20:51.407] [main] [info] update#setState checking for updates
[2022-08-18 17:20:51.410] [main] [info] update#setState idle
[2022-08-19 15:10:14.775] [main] [info] Extension host with pid 11125 exited with code: 0, signal: null.
[2022-08-19 15:10:16.776] [main] [info] Starting extension host with pid 20155 (fork() took 36 ms).
[2022-08-19 15:10:42.669] [main] [info] Enabling inspect port on extension host with pid 20155.
[2022-08-19 15:49:30.128] [main] [info] update#setState checking for updates
[2022-08-19 15:49:30.151] [main] [info] update#setState idle
[2022-08-19 17:11:27.333] [main] [info] update#setState checking for updates
[2022-08-19 17:11:27.336] [main] [info] update#setState idle
[2022-08-19 17:27:09.902] [main] [info] Waiting for extension host with pid 20155 to exit.
[2022-08-19 17:27:10.187] [main] [info] Extension host with pid 20155 exited with code: 0, signal: null.
