[Info  - 12:44:33.192] Reading sessions from secret storage...
[Info  - 12:44:34.266] Got 0 stored sessions
[Info  - 12:44:34.844] Getting sessions for the following scopes: email offline_access openid profile
[Trace  - 12:44:34.844] No session found with idtoken scopes... Using fallback scope list of: email offline_access openid profile
[Info  - 12:44:34.844] Got 0 sessions for scopes: email offline_access openid profile
[Info  - 12:44:35.862] Getting sessions for all scopes...
[Info  - 12:44:35.862] Got 0 sessions for all scopes...
[Info  - 12:44:35.967] Getting sessions for all scopes...
[Info  - 12:44:35.967] Got 0 sessions for all scopes...
[Info  - 12:44:36.908] Getting sessions for all scopes...
[Info  - 12:44:36.908] Got 0 sessions for all scopes...
[Info  - 12:44:38.492] Getting sessions for all scopes...
[Info  - 12:44:38.492] Got 0 sessions for all scopes...
[Info  - 12:44:39.202] Getting sessions for the following scopes: email offline_access openid profile
[Trace  - 12:44:39.202] No session found with idtoken scopes... Using fallback scope list of: email offline_access openid profile
[Info  - 12:44:39.202] Got 0 sessions for scopes: email offline_access openid profile
[Info  - 12:46:18.610] Getting sessions for the following scopes: email offline_access openid profile
[Trace  - 12:46:18.611] No session found with idtoken scopes... Using fallback scope list of: email offline_access openid profile
[Info  - 12:46:18.611] Got 0 sessions for scopes: email offline_access openid profile
[Info  - 12:46:18.611] Getting sessions for the following scopes: email offline_access openid profile
[Trace  - 12:46:18.611] No session found with idtoken scopes... Using fallback scope list of: email offline_access openid profile
[Info  - 12:46:18.611] Got 0 sessions for scopes: email offline_access openid profile
[Info  - 12:50:01.281] Getting sessions for all scopes...
[Info  - 12:50:01.281] Got 0 sessions for all scopes...
