[2022-08-17T12:44:33.714Z] Уровень ведения журнала: Info
[2022-08-17T12:44:33.718Z] [info] Проверка найденного git в:git
[2022-08-17T12:44:33.808Z] [info] Используется git 2.23.0 из git
[2022-08-17T12:44:33.944Z] > git rev-parse --show-toplevel [19ms]
[2022-08-17T12:44:34.054Z] > git rev-parse --git-dir --git-common-dir [22ms]
[2022-08-17T12:44:34.081Z] [info] Open repository: /home/bbd/snap/react-intro
[2022-08-17T12:44:34.152Z] > git status -z -uall [20ms]
[2022-08-17T12:44:34.177Z] > git symbolic-ref --short HEAD [4ms]
[2022-08-17T12:44:34.204Z] > git for-each-ref --format=%(refname)%00%(upstream:short)%00%(objectname)%00%(upstream:track)%00%(upstream:remotename)%00%(upstream:remoteref) refs/heads/master refs/remotes/master [7ms]
[2022-08-17T12:44:34.249Z] > git for-each-ref --sort -committerdate --format %(refname) %(objectname) %(*objectname) [21ms]
[2022-08-17T12:44:34.267Z] > git remote --verbose [20ms]
[2022-08-17T12:44:34.338Z] > git config --get commit.template [12ms]
[2022-08-17T12:44:34.381Z] > git status -z -uall [15ms]
[2022-08-17T12:44:34.408Z] > git symbolic-ref --short HEAD [10ms]
[2022-08-17T12:44:34.428Z] > git for-each-ref --format=%(refname)%00%(upstream:short)%00%(objectname)%00%(upstream:track)%00%(upstream:remotename)%00%(upstream:remoteref) refs/heads/master refs/remotes/master [3ms]
[2022-08-17T12:44:34.458Z] > git for-each-ref --sort -committerdate --format %(refname) %(objectname) %(*objectname) [17ms]
[2022-08-17T12:44:34.463Z] > git remote --verbose [10ms]
[2022-08-17T12:44:34.484Z] > git config --get commit.template [2ms]
[2022-08-17T12:44:35.873Z] > git check-ignore -v -z --stdin [12ms]
[2022-08-17T12:44:36.141Z] > git show --textconv :index.html [147ms]
[2022-08-17T12:44:36.142Z] > git ls-files --stage -- /home/bbd/snap/react-intro/index.html [130ms]
[2022-08-17T12:51:21.779Z] > git status -z -uall [3ms]
[2022-08-17T12:51:21.791Z] > git symbolic-ref --short HEAD [2ms]
[2022-08-17T12:51:21.802Z] > git for-each-ref --format=%(refname)%00%(upstream:short)%00%(objectname)%00%(upstream:track)%00%(upstream:remotename)%00%(upstream:remoteref) refs/heads/master refs/remotes/master [2ms]
[2022-08-17T12:51:21.822Z] > git remote --verbose [2ms]
[2022-08-17T12:51:21.822Z] > git for-each-ref --sort -committerdate --format %(refname) %(objectname) %(*objectname) [12ms]
[2022-08-17T12:51:21.837Z] > git config --get commit.template [2ms]
[2022-08-17T12:51:48.896Z] > git status -z -uall [3ms]
[2022-08-17T12:51:48.909Z] > git symbolic-ref --short HEAD [3ms]
[2022-08-17T12:51:48.921Z] > git for-each-ref --format=%(refname)%00%(upstream:short)%00%(objectname)%00%(upstream:track)%00%(upstream:remotename)%00%(upstream:remoteref) refs/heads/master refs/remotes/master [1ms]
[2022-08-17T12:51:48.952Z] > git for-each-ref --sort -committerdate --format %(refname) %(objectname) %(*objectname) [21ms]
[2022-08-17T12:51:48.953Z] > git remote --verbose [9ms]
[2022-08-17T12:51:48.966Z] > git config --get commit.template [2ms]
[2022-08-17T12:51:53.985Z] > git status -z -uall [3ms]
[2022-08-17T12:51:53.997Z] > git symbolic-ref --short HEAD [1ms]
[2022-08-17T12:51:54.031Z] > git for-each-ref --format=%(refname)%00%(upstream:short)%00%(objectname)%00%(upstream:track)%00%(upstream:remotename)%00%(upstream:remoteref) refs/heads/master refs/remotes/master [8ms]
[2022-08-17T12:51:54.049Z] > git for-each-ref --sort -committerdate --format %(refname) %(objectname) %(*objectname) [10ms]
[2022-08-17T12:51:54.050Z] > git remote --verbose [3ms]
[2022-08-17T12:51:54.062Z] > git config --get commit.template [2ms]
[2022-08-17T12:53:25.955Z] > git status -z -uall [3ms]
[2022-08-17T12:53:25.966Z] > git symbolic-ref --short HEAD [1ms]
[2022-08-17T12:53:25.977Z] > git for-each-ref --format=%(refname)%00%(upstream:short)%00%(objectname)%00%(upstream:track)%00%(upstream:remotename)%00%(upstream:remoteref) refs/heads/master refs/remotes/master [2ms]
[2022-08-17T12:53:25.996Z] > git for-each-ref --sort -committerdate --format %(refname) %(objectname) %(*objectname) [11ms]
[2022-08-17T12:53:25.997Z] > git remote --verbose [2ms]
[2022-08-17T12:53:26.012Z] > git config --get commit.template [2ms]
[2022-08-17T12:53:28.012Z] > git for-each-ref --format=%(refname)%00%(upstream:short)%00%(objectname)%00%(upstream:track)%00%(upstream:remotename)%00%(upstream:remoteref) refs/heads/master refs/remotes/master [60ms]
[2022-08-17T12:53:28.018Z] > git for-each-ref --format %(refname) %(objectname) %(*objectname) [80ms]
[2022-08-17T12:53:28.031Z] > git status -z -uall [3ms]
[2022-08-17T12:53:28.044Z] > git symbolic-ref --short HEAD [4ms]
[2022-08-17T12:53:28.056Z] > git for-each-ref --format=%(refname)%00%(upstream:short)%00%(objectname)%00%(upstream:track)%00%(upstream:remotename)%00%(upstream:remoteref) refs/heads/master refs/remotes/master [3ms]
[2022-08-17T12:53:28.076Z] > git for-each-ref --sort -committerdate --format %(refname) %(objectname) %(*objectname) [12ms]
[2022-08-17T12:53:28.078Z] > git remote --verbose [3ms]
[2022-08-17T12:53:28.092Z] > git config --get commit.template [4ms]
[2022-08-17T12:53:28.104Z] > git for-each-ref --format=%(refname)%00%(upstream:short)%00%(objectname)%00%(upstream:track)%00%(upstream:remotename)%00%(upstream:remoteref) refs/heads/master refs/remotes/master [3ms]
[2022-08-17T12:53:28.117Z] > git for-each-ref --format=%(refname)%00%(upstream:short)%00%(objectname)%00%(upstream:track)%00%(upstream:remotename)%00%(upstream:remoteref) refs/heads/master refs/remotes/master [3ms]
[2022-08-17T12:53:30.713Z] > git show --textconv :index.html [13ms]
[2022-08-17T12:53:30.730Z] > git ls-files --stage -- /home/bbd/snap/react-intro/index.html [18ms]
[2022-08-17T12:58:12.020Z] > git status -z -uall [36ms]
[2022-08-17T12:58:12.033Z] > git symbolic-ref --short HEAD [1ms]
[2022-08-17T12:58:12.048Z] > git for-each-ref --format=%(refname)%00%(upstream:short)%00%(objectname)%00%(upstream:track)%00%(upstream:remotename)%00%(upstream:remoteref) refs/heads/master refs/remotes/master [2ms]
[2022-08-17T12:58:12.073Z] > git for-each-ref --sort -committerdate --format %(refname) %(objectname) %(*objectname) [12ms]
[2022-08-17T12:58:12.074Z] > git remote --verbose [3ms]
[2022-08-17T12:58:12.091Z] > git config --get commit.template [2ms]
[2022-08-19T11:54:06.781Z] > git status -z -uall [1ms]
[2022-08-19T11:54:06.795Z] > git symbolic-ref --short HEAD [4ms]
[2022-08-19T11:54:06.808Z] > git for-each-ref --format=%(refname)%00%(upstream:short)%00%(objectname)%00%(upstream:track)%00%(upstream:remotename)%00%(upstream:remoteref) refs/heads/master refs/remotes/master [3ms]
[2022-08-19T11:54:06.828Z] > git for-each-ref --sort -committerdate --format %(refname) %(objectname) %(*objectname) [10ms]
[2022-08-19T11:54:06.829Z] > git remote --verbose [2ms]
[2022-08-19T11:54:06.845Z] > git config --get commit.template [4ms]
[2022-08-19T11:59:16.630Z] > git status -z -uall [2ms]
[2022-08-19T11:59:16.642Z] > git symbolic-ref --short HEAD [1ms]
[2022-08-19T11:59:16.655Z] > git for-each-ref --format=%(refname)%00%(upstream:short)%00%(objectname)%00%(upstream:track)%00%(upstream:remotename)%00%(upstream:remoteref) refs/heads/master refs/remotes/master [2ms]
[2022-08-19T11:59:16.678Z] > git for-each-ref --sort -committerdate --format %(refname) %(objectname) %(*objectname) [11ms]
[2022-08-19T11:59:16.680Z] > git remote --verbose [3ms]
[2022-08-19T11:59:16.696Z] > git config --get commit.template [3ms]
[2022-08-19T12:01:08.658Z] > git status -z -uall [4ms]
[2022-08-19T12:01:08.669Z] > git symbolic-ref --short HEAD [2ms]
[2022-08-19T12:01:08.683Z] > git for-each-ref --format=%(refname)%00%(upstream:short)%00%(objectname)%00%(upstream:track)%00%(upstream:remotename)%00%(upstream:remoteref) refs/heads/master refs/remotes/master [3ms]
[2022-08-19T12:01:08.703Z] > git for-each-ref --sort -committerdate --format %(refname) %(objectname) %(*objectname) [10ms]
[2022-08-19T12:01:08.704Z] > git remote --verbose [2ms]
[2022-08-19T12:01:08.723Z] > git config --get commit.template [2ms]
[2022-08-19T12:01:39.001Z] > git status -z -uall [3ms]
[2022-08-19T12:01:39.013Z] > git symbolic-ref --short HEAD [3ms]
[2022-08-19T12:01:39.025Z] > git for-each-ref --format=%(refname)%00%(upstream:short)%00%(objectname)%00%(upstream:track)%00%(upstream:remotename)%00%(upstream:remoteref) refs/heads/master refs/remotes/master [2ms]
[2022-08-19T12:01:39.046Z] > git for-each-ref --sort -committerdate --format %(refname) %(objectname) %(*objectname) [12ms]
[2022-08-19T12:01:39.046Z] > git remote --verbose [1ms]
[2022-08-19T12:01:39.063Z] > git config --get commit.template [1ms]
[2022-08-19T12:03:31.969Z] > git status -z -uall [7ms]
[2022-08-19T12:03:31.982Z] > git symbolic-ref --short HEAD [3ms]
[2022-08-19T12:03:31.996Z] > git for-each-ref --format=%(refname)%00%(upstream:short)%00%(objectname)%00%(upstream:track)%00%(upstream:remotename)%00%(upstream:remoteref) refs/heads/master refs/remotes/master [2ms]
[2022-08-19T12:03:32.021Z] > git for-each-ref --sort -committerdate --format %(refname) %(objectname) %(*objectname) [14ms]
[2022-08-19T12:03:32.021Z] > git remote --verbose [3ms]
[2022-08-19T12:03:32.037Z] > git config --get commit.template [2ms]
[2022-08-19T12:05:07.374Z] > git status -z -uall [5ms]
[2022-08-19T12:05:07.387Z] > git symbolic-ref --short HEAD [3ms]
[2022-08-19T12:05:07.400Z] > git for-each-ref --format=%(refname)%00%(upstream:short)%00%(objectname)%00%(upstream:track)%00%(upstream:remotename)%00%(upstream:remoteref) refs/heads/master refs/remotes/master [3ms]
[2022-08-19T12:05:07.421Z] > git for-each-ref --sort -committerdate --format %(refname) %(objectname) %(*objectname) [12ms]
[2022-08-19T12:05:07.422Z] > git remote --verbose [2ms]
[2022-08-19T12:05:07.438Z] > git config --get commit.template [3ms]
[2022-08-19T12:06:41.856Z] > git status -z -uall [1ms]
[2022-08-19T12:06:41.869Z] > git symbolic-ref --short HEAD [3ms]
[2022-08-19T12:06:41.882Z] > git for-each-ref --format=%(refname)%00%(upstream:short)%00%(objectname)%00%(upstream:track)%00%(upstream:remotename)%00%(upstream:remoteref) refs/heads/master refs/remotes/master [2ms]
[2022-08-19T12:06:41.906Z] > git for-each-ref --sort -committerdate --format %(refname) %(objectname) %(*objectname) [13ms]
[2022-08-19T12:06:41.907Z] > git remote --verbose [2ms]
[2022-08-19T12:06:41.921Z] > git config --get commit.template [2ms]
