["INFO" - 3:44:36 PM] Extension Name: esbenp.prettier-vscode.
["INFO" - 3:44:36 PM] Extension Version: 9.5.0.
["INFO" - 3:51:20 PM] Formatting file:///home/bbd/snap/react-intro/index.html
["INFO" - 3:51:20 PM] Using ignore file (if present) at /home/bbd/snap/react-intro/.prettierignore
["INFO" - 3:51:20 PM] File Info:
{
  "ignored": false,
  "inferredParser": "html"
}
["INFO" - 3:51:20 PM] No local configuration (i.e. .prettierrc or .editorconfig) detected, falling back to VS Code configuration
["INFO" - 3:51:20 PM] Prettier Options:
{
  "arrowParens": "always",
  "bracketSpacing": true,
  "endOfLine": "lf",
  "htmlWhitespaceSensitivity": "css",
  "insertPragma": false,
  "jsxBracketSameLine": false,
  "jsxSingleQuote": false,
  "printWidth": 40,
  "proseWrap": "preserve",
  "quoteProps": "as-needed",
  "requirePragma": false,
  "semi": true,
  "singleQuote": false,
  "tabWidth": 2,
  "trailingComma": "es5",
  "useTabs": false,
  "vueIndentScriptAndStyle": false,
  "filepath": "/home/bbd/snap/react-intro/index.html",
  "parser": "html"
}
["ERROR" - 3:51:20 PM] Error formatting document.
["ERROR" - 3:51:20 PM] Unexpected closing tag "body". It may happen when the tag has already been closed by another tag. For more info see https://www.w3.org/TR/html5/syntax.html#closing-elements-that-have-implied-end-tags (19:3)
  17 |   <body>
  18 |     <script></script>
> 19 |   </body>
     |   ^^^^^^^
  20 | </html>
  21 |
SyntaxError: Unexpected closing tag "body". It may happen when the tag has already been closed by another tag. For more info see https://www.w3.org/TR/html5/syntax.html#closing-elements-that-have-implied-end-tags (19:3)
  17 |   <body>
  18 |     <script></script>
> 19 |   </body>
     |   ^^^^^^^
  20 | </html>
  21 |
    at t (/home/bbd/.vscode/extensions/esbenp.prettier-vscode-9.5.0/node_modules/prettier/parser-html.js:4:2359)
    at MD (/home/bbd/.vscode/extensions/esbenp.prettier-vscode-9.5.0/node_modules/prettier/parser-html.js:36:6425)
    at gs (/home/bbd/.vscode/extensions/esbenp.prettier-vscode-9.5.0/node_modules/prettier/parser-html.js:36:7938)
    at Object.parse (/home/bbd/.vscode/extensions/esbenp.prettier-vscode-9.5.0/node_modules/prettier/parser-html.js:36:8710)
    at Object.parse (/home/bbd/.vscode/extensions/esbenp.prettier-vscode-9.5.0/node_modules/prettier/index.js:7330:23)
    at coreFormat (/home/bbd/.vscode/extensions/esbenp.prettier-vscode-9.5.0/node_modules/prettier/index.js:8641:18)
    at formatWithCursor2 (/home/bbd/.vscode/extensions/esbenp.prettier-vscode-9.5.0/node_modules/prettier/index.js:8833:18)
    at /home/bbd/.vscode/extensions/esbenp.prettier-vscode-9.5.0/node_modules/prettier/index.js:39137:12
    at Object.Success [as format] (/home/bbd/.vscode/extensions/esbenp.prettier-vscode-9.5.0/node_modules/prettier/index.js:39151:12)
    at t.default.format (/home/bbd/.vscode/extensions/esbenp.prettier-vscode-9.5.0/src/PrettierEditService.ts:463:45)
    at t.PrettierEditProvider.provideEdits (/home/bbd/.vscode/extensions/esbenp.prettier-vscode-9.5.0/src/PrettierEditService.ts:322:22)
    at $.provideDocumentFormattingEdits (/snap/code/104/usr/share/code/resources/app/out/vs/workbench/api/node/extensionHostProcess.js:87:45865)
["INFO" - 3:51:20 PM] Formatting completed in 0.153ms.
["INFO" - 3:51:20 PM] Formatting file:///home/bbd/snap/react-intro/index.html
["INFO" - 3:51:20 PM] Using ignore file (if present) at /home/bbd/snap/react-intro/.prettierignore
["INFO" - 3:51:20 PM] File Info:
{
  "ignored": false,
  "inferredParser": "html"
}
["INFO" - 3:51:20 PM] No local configuration (i.e. .prettierrc or .editorconfig) detected, falling back to VS Code configuration
["INFO" - 3:51:20 PM] Prettier Options:
{
  "arrowParens": "always",
  "bracketSpacing": true,
  "endOfLine": "lf",
  "htmlWhitespaceSensitivity": "css",
  "insertPragma": false,
  "jsxBracketSameLine": false,
  "jsxSingleQuote": false,
  "printWidth": 40,
  "proseWrap": "preserve",
  "quoteProps": "as-needed",
  "requirePragma": false,
  "semi": true,
  "singleQuote": false,
  "tabWidth": 2,
  "trailingComma": "es5",
  "useTabs": false,
  "vueIndentScriptAndStyle": false,
  "filepath": "/home/bbd/snap/react-intro/index.html",
  "parser": "html"
}
["ERROR" - 3:51:20 PM] Error formatting document.
["ERROR" - 3:51:20 PM] Unexpected closing tag "body". It may happen when the tag has already been closed by another tag. For more info see https://www.w3.org/TR/html5/syntax.html#closing-elements-that-have-implied-end-tags (19:3)
  17 |   <body>
  18 |     <script></script>
> 19 |   </body>
     |   ^^^^^^^
  20 | </html>
  21 |
SyntaxError: Unexpected closing tag "body". It may happen when the tag has already been closed by another tag. For more info see https://www.w3.org/TR/html5/syntax.html#closing-elements-that-have-implied-end-tags (19:3)
  17 |   <body>
  18 |     <script></script>
> 19 |   </body>
     |   ^^^^^^^
  20 | </html>
  21 |
    at t (/home/bbd/.vscode/extensions/esbenp.prettier-vscode-9.5.0/node_modules/prettier/parser-html.js:4:2359)
    at MD (/home/bbd/.vscode/extensions/esbenp.prettier-vscode-9.5.0/node_modules/prettier/parser-html.js:36:6425)
    at gs (/home/bbd/.vscode/extensions/esbenp.prettier-vscode-9.5.0/node_modules/prettier/parser-html.js:36:7938)
    at Object.parse (/home/bbd/.vscode/extensions/esbenp.prettier-vscode-9.5.0/node_modules/prettier/parser-html.js:36:8710)
    at Object.parse (/home/bbd/.vscode/extensions/esbenp.prettier-vscode-9.5.0/node_modules/prettier/index.js:7330:23)
    at coreFormat (/home/bbd/.vscode/extensions/esbenp.prettier-vscode-9.5.0/node_modules/prettier/index.js:8641:18)
    at formatWithCursor2 (/home/bbd/.vscode/extensions/esbenp.prettier-vscode-9.5.0/node_modules/prettier/index.js:8833:18)
    at /home/bbd/.vscode/extensions/esbenp.prettier-vscode-9.5.0/node_modules/prettier/index.js:39137:12
    at Object.Success [as format] (/home/bbd/.vscode/extensions/esbenp.prettier-vscode-9.5.0/node_modules/prettier/index.js:39151:12)
    at t.default.format (/home/bbd/.vscode/extensions/esbenp.prettier-vscode-9.5.0/src/PrettierEditService.ts:463:45)
    at t.PrettierEditProvider.provideEdits (/home/bbd/.vscode/extensions/esbenp.prettier-vscode-9.5.0/src/PrettierEditService.ts:322:22)
    at $.provideDocumentFormattingEdits (/snap/code/104/usr/share/code/resources/app/out/vs/workbench/api/node/extensionHostProcess.js:87:45865)
["INFO" - 3:51:20 PM] Formatting completed in 0.018ms.
["INFO" - 3:51:43 PM] Formatting file:///home/bbd/snap/react-intro/index.html
["INFO" - 3:51:43 PM] Using ignore file (if present) at /home/bbd/snap/react-intro/.prettierignore
["INFO" - 3:51:43 PM] File Info:
{
  "ignored": false,
  "inferredParser": "html"
}
["INFO" - 3:51:43 PM] No local configuration (i.e. .prettierrc or .editorconfig) detected, falling back to VS Code configuration
["INFO" - 3:51:43 PM] Prettier Options:
{
  "arrowParens": "always",
  "bracketSpacing": true,
  "endOfLine": "lf",
  "htmlWhitespaceSensitivity": "css",
  "insertPragma": false,
  "jsxBracketSameLine": false,
  "jsxSingleQuote": false,
  "printWidth": 40,
  "proseWrap": "preserve",
  "quoteProps": "as-needed",
  "requirePragma": false,
  "semi": true,
  "singleQuote": false,
  "tabWidth": 2,
  "trailingComma": "es5",
  "useTabs": false,
  "vueIndentScriptAndStyle": false,
  "filepath": "/home/bbd/snap/react-intro/index.html",
  "parser": "html"
}
["ERROR" - 3:51:43 PM] Error formatting document.
["ERROR" - 3:51:43 PM] Unexpected closing tag "body". It may happen when the tag has already been closed by another tag. For more info see https://www.w3.org/TR/html5/syntax.html#closing-elements-that-have-implied-end-tags (20:3)
  18 |   <body>
  19 |     <script></script>
> 20 |   </body>
     |   ^^^^^^^
  21 | </html>
  22 |
SyntaxError: Unexpected closing tag "body". It may happen when the tag has already been closed by another tag. For more info see https://www.w3.org/TR/html5/syntax.html#closing-elements-that-have-implied-end-tags (20:3)
  18 |   <body>
  19 |     <script></script>
> 20 |   </body>
     |   ^^^^^^^
  21 | </html>
  22 |
    at t (/home/bbd/.vscode/extensions/esbenp.prettier-vscode-9.5.0/node_modules/prettier/parser-html.js:4:2359)
    at MD (/home/bbd/.vscode/extensions/esbenp.prettier-vscode-9.5.0/node_modules/prettier/parser-html.js:36:6425)
    at gs (/home/bbd/.vscode/extensions/esbenp.prettier-vscode-9.5.0/node_modules/prettier/parser-html.js:36:7938)
    at Object.parse (/home/bbd/.vscode/extensions/esbenp.prettier-vscode-9.5.0/node_modules/prettier/parser-html.js:36:8710)
    at Object.parse (/home/bbd/.vscode/extensions/esbenp.prettier-vscode-9.5.0/node_modules/prettier/index.js:7330:23)
    at coreFormat (/home/bbd/.vscode/extensions/esbenp.prettier-vscode-9.5.0/node_modules/prettier/index.js:8641:18)
    at formatWithCursor2 (/home/bbd/.vscode/extensions/esbenp.prettier-vscode-9.5.0/node_modules/prettier/index.js:8833:18)
    at /home/bbd/.vscode/extensions/esbenp.prettier-vscode-9.5.0/node_modules/prettier/index.js:39137:12
    at Object.Success [as format] (/home/bbd/.vscode/extensions/esbenp.prettier-vscode-9.5.0/node_modules/prettier/index.js:39151:12)
    at t.default.format (/home/bbd/.vscode/extensions/esbenp.prettier-vscode-9.5.0/src/PrettierEditService.ts:463:45)
    at t.PrettierEditProvider.provideEdits (/home/bbd/.vscode/extensions/esbenp.prettier-vscode-9.5.0/src/PrettierEditService.ts:322:22)
    at $.provideDocumentFormattingEdits (/snap/code/104/usr/share/code/resources/app/out/vs/workbench/api/node/extensionHostProcess.js:87:45865)
["INFO" - 3:51:43 PM] Formatting completed in 0.018ms.
["INFO" - 3:51:51 PM] Formatting file:///home/bbd/snap/react-intro/index.html
["INFO" - 3:51:51 PM] Using ignore file (if present) at /home/bbd/snap/react-intro/.prettierignore
["INFO" - 3:51:51 PM] File Info:
{
  "ignored": false,
  "inferredParser": "html"
}
["INFO" - 3:51:51 PM] No local configuration (i.e. .prettierrc or .editorconfig) detected, falling back to VS Code configuration
["INFO" - 3:51:51 PM] Prettier Options:
{
  "arrowParens": "always",
  "bracketSpacing": true,
  "endOfLine": "lf",
  "htmlWhitespaceSensitivity": "css",
  "insertPragma": false,
  "jsxBracketSameLine": false,
  "jsxSingleQuote": false,
  "printWidth": 40,
  "proseWrap": "preserve",
  "quoteProps": "as-needed",
  "requirePragma": false,
  "semi": true,
  "singleQuote": false,
  "tabWidth": 2,
  "trailingComma": "es5",
  "useTabs": false,
  "vueIndentScriptAndStyle": false,
  "filepath": "/home/bbd/snap/react-intro/index.html",
  "parser": "html"
}
["INFO" - 3:51:51 PM] Formatting completed in 0.031ms.
["INFO" - 3:53:24 PM] Formatting file:///home/bbd/snap/react-intro/index.html
["INFO" - 3:53:24 PM] Using ignore file (if present) at /home/bbd/snap/react-intro/.prettierignore
["INFO" - 3:53:24 PM] File Info:
{
  "ignored": false,
  "inferredParser": "html"
}
["INFO" - 3:53:24 PM] No local configuration (i.e. .prettierrc or .editorconfig) detected, falling back to VS Code configuration
["INFO" - 3:53:24 PM] Prettier Options:
{
  "arrowParens": "always",
  "bracketSpacing": true,
  "endOfLine": "lf",
  "htmlWhitespaceSensitivity": "css",
  "insertPragma": false,
  "jsxBracketSameLine": false,
  "jsxSingleQuote": false,
  "printWidth": 40,
  "proseWrap": "preserve",
  "quoteProps": "as-needed",
  "requirePragma": false,
  "semi": true,
  "singleQuote": false,
  "tabWidth": 2,
  "trailingComma": "es5",
  "useTabs": false,
  "vueIndentScriptAndStyle": false,
  "filepath": "/home/bbd/snap/react-intro/index.html",
  "parser": "html"
}
["INFO" - 3:53:24 PM] Formatting completed in 0.089ms.
["INFO" - 3:58:10 PM] Formatting file:///home/bbd/snap/react-intro/index.html
["INFO" - 3:58:10 PM] Using ignore file (if present) at /home/bbd/snap/react-intro/.prettierignore
["INFO" - 3:58:10 PM] File Info:
{
  "ignored": false,
  "inferredParser": "html"
}
["INFO" - 3:58:10 PM] No local configuration (i.e. .prettierrc or .editorconfig) detected, falling back to VS Code configuration
["INFO" - 3:58:10 PM] Prettier Options:
{
  "arrowParens": "always",
  "bracketSpacing": true,
  "endOfLine": "lf",
  "htmlWhitespaceSensitivity": "css",
  "insertPragma": false,
  "jsxBracketSameLine": false,
  "jsxSingleQuote": false,
  "printWidth": 40,
  "proseWrap": "preserve",
  "quoteProps": "as-needed",
  "requirePragma": false,
  "semi": true,
  "singleQuote": false,
  "tabWidth": 2,
  "trailingComma": "es5",
  "useTabs": false,
  "vueIndentScriptAndStyle": false,
  "filepath": "/home/bbd/snap/react-intro/index.html",
  "parser": "html"
}
["INFO" - 3:58:10 PM] Formatting completed in 0.072ms.
["INFO" - 2:23:01 PM] Formatting file:///home/bbd/snap/react-intro/index.html
["INFO" - 2:23:01 PM] Using ignore file (if present) at /home/bbd/snap/react-intro/.prettierignore
["INFO" - 2:23:01 PM] File Info:
{
  "ignored": false,
  "inferredParser": "html"
}
["INFO" - 2:23:01 PM] No local configuration (i.e. .prettierrc or .editorconfig) detected, falling back to VS Code configuration
["INFO" - 2:23:01 PM] Prettier Options:
{
  "arrowParens": "always",
  "bracketSpacing": true,
  "endOfLine": "lf",
  "htmlWhitespaceSensitivity": "css",
  "insertPragma": false,
  "jsxBracketSameLine": false,
  "jsxSingleQuote": false,
  "printWidth": 40,
  "proseWrap": "preserve",
  "quoteProps": "as-needed",
  "requirePragma": false,
  "semi": true,
  "singleQuote": false,
  "tabWidth": 2,
  "trailingComma": "es5",
  "useTabs": false,
  "vueIndentScriptAndStyle": false,
  "filepath": "/home/bbd/snap/react-intro/index.html",
  "parser": "html"
}
["INFO" - 2:23:01 PM] Formatting completed in 0.03ms.
["INFO" - 2:59:15 PM] Formatting file:///home/bbd/snap/react-intro/index.html
["INFO" - 2:59:15 PM] Using ignore file (if present) at /home/bbd/snap/react-intro/.prettierignore
["INFO" - 2:59:15 PM] File Info:
{
  "ignored": false,
  "inferredParser": "html"
}
["INFO" - 2:59:15 PM] No local configuration (i.e. .prettierrc or .editorconfig) detected, falling back to VS Code configuration
["INFO" - 2:59:15 PM] Prettier Options:
{
  "arrowParens": "always",
  "bracketSpacing": true,
  "endOfLine": "lf",
  "htmlWhitespaceSensitivity": "css",
  "insertPragma": false,
  "jsxBracketSameLine": false,
  "jsxSingleQuote": false,
  "printWidth": 40,
  "proseWrap": "preserve",
  "quoteProps": "as-needed",
  "requirePragma": false,
  "semi": true,
  "singleQuote": false,
  "tabWidth": 2,
  "trailingComma": "es5",
  "useTabs": false,
  "vueIndentScriptAndStyle": false,
  "filepath": "/home/bbd/snap/react-intro/index.html",
  "parser": "html"
}
["INFO" - 2:59:15 PM] Formatting completed in 0.04ms.
["INFO" - 3:00:36 PM] Formatting file:///home/bbd/snap/react-intro/index.html
["INFO" - 3:00:36 PM] Using ignore file (if present) at /home/bbd/snap/react-intro/.prettierignore
["INFO" - 3:00:36 PM] File Info:
{
  "ignored": false,
  "inferredParser": "html"
}
["INFO" - 3:00:36 PM] No local configuration (i.e. .prettierrc or .editorconfig) detected, falling back to VS Code configuration
["INFO" - 3:00:36 PM] Prettier Options:
{
  "arrowParens": "always",
  "bracketSpacing": true,
  "endOfLine": "lf",
  "htmlWhitespaceSensitivity": "css",
  "insertPragma": false,
  "jsxBracketSameLine": false,
  "jsxSingleQuote": false,
  "printWidth": 40,
  "proseWrap": "preserve",
  "quoteProps": "as-needed",
  "requirePragma": false,
  "semi": true,
  "singleQuote": false,
  "tabWidth": 2,
  "trailingComma": "es5",
  "useTabs": false,
  "vueIndentScriptAndStyle": false,
  "filepath": "/home/bbd/snap/react-intro/index.html",
  "parser": "html"
}
["INFO" - 3:00:36 PM] Formatting completed in 0.075ms.
["INFO" - 3:01:22 PM] Formatting file:///home/bbd/snap/react-intro/index.html
["INFO" - 3:01:22 PM] Using ignore file (if present) at /home/bbd/snap/react-intro/.prettierignore
["INFO" - 3:01:22 PM] File Info:
{
  "ignored": false,
  "inferredParser": "html"
}
["INFO" - 3:01:22 PM] No local configuration (i.e. .prettierrc or .editorconfig) detected, falling back to VS Code configuration
["INFO" - 3:01:22 PM] Prettier Options:
{
  "arrowParens": "always",
  "bracketSpacing": true,
  "endOfLine": "lf",
  "htmlWhitespaceSensitivity": "css",
  "insertPragma": false,
  "jsxBracketSameLine": false,
  "jsxSingleQuote": false,
  "printWidth": 40,
  "proseWrap": "preserve",
  "quoteProps": "as-needed",
  "requirePragma": false,
  "semi": true,
  "singleQuote": false,
  "tabWidth": 2,
  "trailingComma": "es5",
  "useTabs": false,
  "vueIndentScriptAndStyle": false,
  "filepath": "/home/bbd/snap/react-intro/index.html",
  "parser": "html"
}
["INFO" - 3:01:22 PM] Formatting completed in 0.028ms.
["INFO" - 3:03:24 PM] Formatting file:///home/bbd/snap/react-intro/index.html
["INFO" - 3:03:24 PM] Using ignore file (if present) at /home/bbd/snap/react-intro/.prettierignore
["INFO" - 3:03:24 PM] File Info:
{
  "ignored": false,
  "inferredParser": "html"
}
["INFO" - 3:03:24 PM] No local configuration (i.e. .prettierrc or .editorconfig) detected, falling back to VS Code configuration
["INFO" - 3:03:24 PM] Prettier Options:
{
  "arrowParens": "always",
  "bracketSpacing": true,
  "endOfLine": "lf",
  "htmlWhitespaceSensitivity": "css",
  "insertPragma": false,
  "jsxBracketSameLine": false,
  "jsxSingleQuote": false,
  "printWidth": 40,
  "proseWrap": "preserve",
  "quoteProps": "as-needed",
  "requirePragma": false,
  "semi": true,
  "singleQuote": false,
  "tabWidth": 2,
  "trailingComma": "es5",
  "useTabs": false,
  "vueIndentScriptAndStyle": false,
  "filepath": "/home/bbd/snap/react-intro/index.html",
  "parser": "html"
}
["INFO" - 3:03:24 PM] Formatting completed in 0.037ms.
["INFO" - 3:04:52 PM] Formatting file:///home/bbd/snap/react-intro/index.html
["INFO" - 3:04:52 PM] Using ignore file (if present) at /home/bbd/snap/react-intro/.prettierignore
["INFO" - 3:04:52 PM] File Info:
{
  "ignored": false,
  "inferredParser": "html"
}
["INFO" - 3:04:52 PM] No local configuration (i.e. .prettierrc or .editorconfig) detected, falling back to VS Code configuration
["INFO" - 3:04:52 PM] Prettier Options:
{
  "arrowParens": "always",
  "bracketSpacing": true,
  "endOfLine": "lf",
  "htmlWhitespaceSensitivity": "css",
  "insertPragma": false,
  "jsxBracketSameLine": false,
  "jsxSingleQuote": false,
  "printWidth": 40,
  "proseWrap": "preserve",
  "quoteProps": "as-needed",
  "requirePragma": false,
  "semi": true,
  "singleQuote": false,
  "tabWidth": 2,
  "trailingComma": "es5",
  "useTabs": false,
  "vueIndentScriptAndStyle": false,
  "filepath": "/home/bbd/snap/react-intro/index.html",
  "parser": "html"
}
["INFO" - 3:04:52 PM] Formatting completed in 0.053ms.
["INFO" - 3:05:16 PM] Formatting file:///home/bbd/snap/react-intro/index.html
["INFO" - 3:05:16 PM] Using ignore file (if present) at /home/bbd/snap/react-intro/.prettierignore
["INFO" - 3:05:16 PM] File Info:
{
  "ignored": false,
  "inferredParser": "html"
}
["INFO" - 3:05:16 PM] No local configuration (i.e. .prettierrc or .editorconfig) detected, falling back to VS Code configuration
["INFO" - 3:05:16 PM] Prettier Options:
{
  "arrowParens": "always",
  "bracketSpacing": true,
  "endOfLine": "lf",
  "htmlWhitespaceSensitivity": "css",
  "insertPragma": false,
  "jsxBracketSameLine": false,
  "jsxSingleQuote": false,
  "printWidth": 40,
  "proseWrap": "preserve",
  "quoteProps": "as-needed",
  "requirePragma": false,
  "semi": true,
  "singleQuote": false,
  "tabWidth": 2,
  "trailingComma": "es5",
  "useTabs": false,
  "vueIndentScriptAndStyle": false,
  "filepath": "/home/bbd/snap/react-intro/index.html",
  "parser": "html"
}
["INFO" - 3:05:16 PM] Formatting completed in 0.03ms.
