[Info  - 12:44:36.423] Reading sessions from keychain...
[Info  - 12:44:36.947] Getting sessions for user:email...
[Info  - 12:44:36.980] Got 0 sessions for user:email...
[Info  - 12:44:36.990] Getting sessions for all scopes...
[Info  - 12:44:36.991] Got 0 sessions for ...
[Info  - 12:44:38.492] Getting sessions for all scopes...
[Info  - 12:44:38.492] Got 0 sessions for ...
[Info  - 12:44:39.207] Getting sessions for user:email...
[Info  - 12:44:39.207] Got 0 sessions for user:email...
[Info  - 12:44:40.532] Logging in for the following scopes: user:email
[Info  - 12:44:40.537] Trying without local server... (user:email)
[Error  - 12:45:40.617] Cancelled
[Info  - 12:46:16.356] Trying with local server... (user:email)
[Info  - 12:46:17.585] Exchanging code for token...
[Info  - 12:46:18.178] Token exchange success!
[Info  - 12:46:18.179] Getting user info...
[Info  - 12:46:18.552] Got account info!
[Info  - 12:46:18.553] Storing 1 sessions...
[Error  - 12:46:18.603] Setting token failed: Error: GDBus.Error:org.freedesktop.DBus.Error.ServiceUnknown: The name org.freedesktop.secrets was not provided by any .service files
[Info  - 12:46:18.603] Stored 1 sessions!
[Info  - 12:46:18.603] Login success!
[Info  - 12:46:18.614] Getting sessions for user:email...
[Info  - 12:46:18.614] Getting sessions for user:email...
[Info  - 12:46:18.615] Got 1 sessions for user:email...
[Info  - 12:46:18.615] Got 1 sessions for user:email...
[Info  - 12:50:01.281] Getting sessions for all scopes...
[Info  - 12:50:01.281] Got 1 sessions for ...
