[Info  - 12:37:16.214] Reading sessions from secret storage...
[Info  - 12:37:16.771] Got 0 stored sessions
[Info  - 12:37:16.799] Getting sessions for the following scopes: email offline_access openid profile
[Trace  - 12:37:16.799] No session found with idtoken scopes... Using fallback scope list of: email offline_access openid profile
[Info  - 12:37:16.799] Got 0 sessions for scopes: email offline_access openid profile
[Info  - 12:39:01.55] Getting sessions for all scopes...
[Info  - 12:39:01.55] Got 0 sessions for all scopes...
[Info  - 12:39:03.651] Getting sessions for all scopes...
[Info  - 12:39:03.651] Got 0 sessions for all scopes...
[Info  - 12:39:04.462] Getting sessions for the following scopes: email offline_access openid profile
[Trace  - 12:39:04.462] No session found with idtoken scopes... Using fallback scope list of: email offline_access openid profile
[Info  - 12:39:04.462] Got 0 sessions for scopes: email offline_access openid profile
[Info  - 12:39:39.434] Getting sessions for all scopes...
[Info  - 12:39:39.434] Got 0 sessions for all scopes...
[Info  - 12:39:40.93] Getting sessions for the following scopes: email offline_access openid profile
[Trace  - 12:39:40.93] No session found with idtoken scopes... Using fallback scope list of: email offline_access openid profile
[Info  - 12:39:40.93] Got 0 sessions for scopes: email offline_access openid profile
[Info  - 12:39:50.806] Getting sessions for the following scopes: email offline_access openid profile
[Trace  - 12:39:50.806] No session found with idtoken scopes... Using fallback scope list of: email offline_access openid profile
[Info  - 12:39:50.806] Got 0 sessions for scopes: email offline_access openid profile
[Info  - 12:39:50.806] Getting sessions for the following scopes: email offline_access openid profile
[Trace  - 12:39:50.806] No session found with idtoken scopes... Using fallback scope list of: email offline_access openid profile
[Info  - 12:39:50.806] Got 0 sessions for scopes: email offline_access openid profile
[Info  - 12:40:13.963] Getting sessions for all scopes...
[Info  - 12:40:13.963] Got 0 sessions for all scopes...
[Info  - 12:40:37.827] Getting sessions for all scopes...
[Info  - 12:40:37.827] Got 0 sessions for all scopes...
