[Info  - 12:37:16.268] Reading sessions from keychain...
[Info  - 12:37:16.767] Getting sessions for all scopes...
[Info  - 12:37:16.774] Got 0 sessions for ...
[Info  - 12:37:17.50] Getting sessions for user:email...
[Info  - 12:37:17.50] Getting sessions for all scopes...
[Info  - 12:37:17.50] Got 0 sessions for user:email...
[Info  - 12:37:17.50] Got 0 sessions for ...
[Info  - 12:37:18.146] Getting sessions for read:user,repo,user:email,workflow...
[Info  - 12:37:18.148] Got 0 sessions for read:user,repo,user:email,workflow...
[Info  - 12:37:18.645] Getting sessions for read:user,repo,user:email...
[Info  - 12:37:18.645] Got 0 sessions for read:user,repo,user:email...
[Info  - 12:38:33.98] Getting sessions for read:user,repo,user:email,workflow...
[Info  - 12:38:33.98] Got 0 sessions for read:user,repo,user:email,workflow...
[Info  - 12:38:33.108] Getting sessions for read:user,repo,user:email...
[Info  - 12:38:33.108] Got 0 sessions for read:user,repo,user:email...
[Info  - 12:38:33.118] Getting sessions for read:user,repo,user:email,workflow...
[Info  - 12:38:33.118] Got 0 sessions for read:user,repo,user:email,workflow...
[Info  - 12:38:34.241] Logging in for the following scopes: read:user repo user:email workflow
[Info  - 12:38:34.260] Trying without local server... (read:user repo user:email workflow)
[Info  - 12:39:01.55] Getting sessions for all scopes...
[Info  - 12:39:01.56] Got 0 sessions for ...
[Info  - 12:39:03.651] Getting sessions for all scopes...
[Info  - 12:39:03.651] Got 0 sessions for ...
[Info  - 12:39:04.469] Getting sessions for user:email...
[Info  - 12:39:04.469] Got 0 sessions for user:email...
[Info  - 12:39:05.641] Logging in for the following scopes: user:email
[Info  - 12:39:05.652] Trying without local server... (user:email)
[Error  - 12:39:14.540] User Cancelled
[Error  - 12:39:14.760] User Cancelled
[Error  - 12:39:14.902] Error: Cancelled
[Error  - 12:39:14.989] Error: Cancelled
[Error  - 12:39:15.71] Error: Cancelled
[Info  - 12:39:16.904] Getting sessions for read:user,repo,user:email,workflow...
[Info  - 12:39:16.904] Got 0 sessions for read:user,repo,user:email,workflow...
[Info  - 12:39:16.915] Getting sessions for read:user,repo,user:email...
[Info  - 12:39:16.916] Got 0 sessions for read:user,repo,user:email...
[Info  - 12:39:16.929] Getting sessions for read:user,repo,user:email,workflow...
[Info  - 12:39:16.929] Got 0 sessions for read:user,repo,user:email,workflow...
[Info  - 12:39:17.945] Logging in for the following scopes: read:user repo user:email workflow
[Info  - 12:39:17.949] Trying without local server... (read:user repo user:email workflow)
[Error  - 12:39:35.393] User Cancelled
[Error  - 12:39:35.400] Error: Cancelled
[Error  - 12:39:35.892] Error: Cancelled
[Error  - 12:39:36.983] Error: Cancelled
[Info  - 12:39:39.434] Getting sessions for all scopes...
[Info  - 12:39:39.435] Got 0 sessions for ...
[Info  - 12:39:40.99] Getting sessions for user:email...
[Info  - 12:39:40.99] Got 0 sessions for user:email...
[Info  - 12:39:40.942] Logging in for the following scopes: user:email
[Info  - 12:39:40.947] Trying without local server... (user:email)
[Error  - 12:39:45.957] User Cancelled
[Info  - 12:39:47.938] Trying with local server... (user:email)
[Info  - 12:39:49.502] Exchanging code for token...
[Info  - 12:39:50.342] Token exchange success!
[Info  - 12:39:50.342] Getting user info...
[Info  - 12:39:50.690] Got account info!
[Info  - 12:39:50.691] Storing 1 sessions...
[Error  - 12:39:50.797] Setting token failed: Error: GDBus.Error:org.freedesktop.DBus.Error.ServiceUnknown: The name org.freedesktop.secrets was not provided by any .service files
[Info  - 12:39:50.797] Stored 1 sessions!
[Info  - 12:39:50.798] Login success!
[Info  - 12:39:50.810] Getting sessions for user:email...
[Info  - 12:39:50.810] Getting sessions for user:email...
[Info  - 12:39:50.810] Got 1 sessions for user:email...
[Info  - 12:39:50.810] Got 1 sessions for user:email...
[Info  - 12:39:50.813] Getting sessions for read:user,repo,user:email,workflow...
[Info  - 12:39:50.814] Got 0 sessions for read:user,repo,user:email,workflow...
[Info  - 12:39:50.832] Getting sessions for read:user,repo,user:email...
[Info  - 12:39:50.833] Got 0 sessions for read:user,repo,user:email...
[Info  - 12:40:13.963] Getting sessions for all scopes...
[Info  - 12:40:13.963] Got 1 sessions for ...
[Info  - 12:40:17.261] Logging in for the following scopes: read:user repo user:email
[Info  - 12:40:17.270] Trying without local server... (read:user repo user:email)
[Info  - 12:40:37.827] Getting sessions for all scopes...
[Info  - 12:40:37.827] Got 1 sessions for ...
[Error  - 12:41:17.332] Cancelled
[Info  - 12:42:10.893] Getting sessions for read:user,repo,user:email,workflow...
[Info  - 12:42:10.893] Got 0 sessions for read:user,repo,user:email,workflow...
[Info  - 12:42:10.902] Getting sessions for read:user,repo,user:email...
[Info  - 12:42:10.903] Got 0 sessions for read:user,repo,user:email...
[Info  - 12:42:10.932] Getting sessions for read:user,repo,user:email,workflow...
[Info  - 12:42:10.932] Got 0 sessions for read:user,repo,user:email,workflow...
[Info  - 12:42:13.80] Logging in for the following scopes: read:user repo user:email workflow
[Info  - 12:42:13.86] Trying without local server... (read:user repo user:email workflow)
[Error  - 12:42:26.180] User Cancelled
[Error  - 12:42:27.203] Error: Cancelled
[Error  - 12:42:28.735] Error: Cancelled
[Info  - 12:42:30.711] Getting sessions for read:user,repo,user:email,workflow...
[Info  - 12:42:30.712] Got 0 sessions for read:user,repo,user:email,workflow...
[Info  - 12:42:30.723] Getting sessions for read:user,repo,user:email...
[Info  - 12:42:30.723] Got 0 sessions for read:user,repo,user:email...
[Info  - 12:42:30.734] Getting sessions for read:user,repo,user:email,workflow...
[Info  - 12:42:30.734] Got 0 sessions for read:user,repo,user:email,workflow...
[Error  - 12:42:44.451] Canceled: Canceled
[Error  - 12:42:44.451] Canceled: Canceled
