[2022-08-17T12:37:16.801Z] Уровень ведения журнала: Info
[2022-08-17T12:37:16.847Z] [info] Проверка найденного git в:git
[2022-08-17T12:37:16.947Z] [info] Используется git 2.23.0 из git
[2022-08-17T12:37:17.252Z] > git rev-parse --show-toplevel [210ms]
[2022-08-17T12:37:17.844Z] > git rev-parse --git-dir --git-common-dir [527ms]
[2022-08-17T12:37:17.858Z] [info] Open repository: /home/bbd/snap/react-intro
[2022-08-17T12:37:17.883Z] > git status -z -uall [13ms]
[2022-08-17T12:37:17.894Z] > git symbolic-ref --short HEAD [4ms]
[2022-08-17T12:37:17.904Z] > git for-each-ref --format=%(refname)%00%(upstream:short)%00%(objectname)%00%(upstream:track)%00%(upstream:remotename)%00%(upstream:remoteref) refs/heads/master refs/remotes/master [3ms]
[2022-08-17T12:37:17.922Z] > git for-each-ref --sort -committerdate --format %(refname) %(objectname) %(*objectname) [10ms]
[2022-08-17T12:37:17.925Z] > git remote --verbose [5ms]
[2022-08-17T12:37:17.941Z] > git config --get commit.template [2ms]
[2022-08-17T12:37:17.979Z] > git status -z -uall [15ms]
[2022-08-17T12:37:18.007Z] > git symbolic-ref --short HEAD [14ms]
[2022-08-17T12:37:18.043Z] > git for-each-ref --format=%(refname)%00%(upstream:short)%00%(objectname)%00%(upstream:track)%00%(upstream:remotename)%00%(upstream:remoteref) refs/heads/master refs/remotes/master [2ms]
[2022-08-17T12:37:18.069Z] > git for-each-ref --sort -committerdate --format %(refname) %(objectname) %(*objectname) [11ms]
[2022-08-17T12:37:18.078Z] > git remote --verbose [10ms]
[2022-08-17T12:37:18.162Z] > git config --get commit.template [17ms]
[2022-08-17T12:37:19.071Z] > git config --local branch.master.github-pr-owner-number [5ms]
[2022-08-17T12:37:28.522Z] > git ls-files --stage -- /home/bbd/snap/react-intro/.gitignore [2ms]
[2022-08-17T12:37:28.641Z] > git show --textconv :.gitignore [130ms]
[2022-08-17T12:37:28.642Z] > git cat-file -s 0579fedc1e7da313d1218c3344ca84970373c266 [111ms]
[2022-08-17T12:37:28.643Z] > git check-ignore -v -z --stdin [3ms]
[2022-08-17T12:37:29.135Z] > git status -z -uall [2ms]
[2022-08-17T12:37:29.146Z] > git symbolic-ref --short HEAD [2ms]
[2022-08-17T12:37:29.157Z] > git for-each-ref --format=%(refname)%00%(upstream:short)%00%(objectname)%00%(upstream:track)%00%(upstream:remotename)%00%(upstream:remoteref) refs/heads/master refs/remotes/master [2ms]
[2022-08-17T12:37:29.177Z] > git for-each-ref --sort -committerdate --format %(refname) %(objectname) %(*objectname) [11ms]
[2022-08-17T12:37:29.178Z] > git remote --verbose [3ms]
[2022-08-17T12:37:29.191Z] > git config --get commit.template [1ms]
[2022-08-17T12:37:40.927Z] > git check-ignore -v -z --stdin [4ms]
[2022-08-17T12:37:41.169Z] > git status -z -uall [2ms]
[2022-08-17T12:37:41.178Z] > git symbolic-ref --short HEAD [2ms]
[2022-08-17T12:37:41.187Z] > git for-each-ref --format=%(refname)%00%(upstream:short)%00%(objectname)%00%(upstream:track)%00%(upstream:remotename)%00%(upstream:remoteref) refs/heads/master refs/remotes/master [3ms]
[2022-08-17T12:37:41.207Z] > git for-each-ref --sort -committerdate --format %(refname) %(objectname) %(*objectname) [13ms]
[2022-08-17T12:37:41.209Z] > git remote --verbose [3ms]
[2022-08-17T12:37:41.231Z] > git config --get commit.template [5ms]
[2022-08-17T12:37:44.315Z] > git ls-files --stage -- /home/bbd/snap/react-intro/.gitignore [3ms]
[2022-08-17T12:37:44.326Z] > git cat-file -s 0579fedc1e7da313d1218c3344ca84970373c266 [2ms]
[2022-08-17T12:37:44.339Z] > git show --textconv :.gitignore [3ms]
[2022-08-17T12:37:46.246Z] > git status -z -uall [2ms]
[2022-08-17T12:37:46.257Z] > git symbolic-ref --short HEAD [1ms]
[2022-08-17T12:37:46.266Z] > git for-each-ref --format=%(refname)%00%(upstream:short)%00%(objectname)%00%(upstream:track)%00%(upstream:remotename)%00%(upstream:remoteref) refs/heads/master refs/remotes/master [1ms]
[2022-08-17T12:37:46.284Z] > git for-each-ref --sort -committerdate --format %(refname) %(objectname) %(*objectname) [10ms]
[2022-08-17T12:37:46.284Z] > git remote --verbose [2ms]
[2022-08-17T12:37:46.296Z] > git config --get commit.template [3ms]
[2022-08-17T12:37:46.901Z] > git ls-files --stage -- /home/bbd/snap/react-intro/.gitignore [1ms]
[2022-08-17T12:37:46.919Z] > git cat-file -s 3bd5fcfb86d07b280fdfb711dce987cdbd4f1cf2 [2ms]
[2022-08-17T12:37:46.939Z] > git show --textconv :.gitignore [2ms]
[2022-08-17T12:37:51.308Z] > git status -z -uall [2ms]
[2022-08-17T12:37:51.324Z] > git symbolic-ref --short HEAD [4ms]
[2022-08-17T12:37:51.333Z] > git for-each-ref --format=%(refname)%00%(upstream:short)%00%(objectname)%00%(upstream:track)%00%(upstream:remotename)%00%(upstream:remoteref) refs/heads/master refs/remotes/master [3ms]
[2022-08-17T12:37:51.348Z] > git for-each-ref --sort -committerdate --format %(refname) %(objectname) %(*objectname) [8ms]
[2022-08-17T12:37:51.349Z] > git remote --verbose [2ms]
[2022-08-17T12:37:51.359Z] > git config --get commit.template [1ms]
[2022-08-17T12:37:55.703Z] > git ls-files --stage -- /home/bbd/snap/react-intro/.gitignore [1ms]
[2022-08-17T12:37:55.713Z] > git cat-file -s 3bd5fcfb86d07b280fdfb711dce987cdbd4f1cf2 [2ms]
[2022-08-17T12:37:55.728Z] > git show --textconv :.gitignore [2ms]
[2022-08-17T12:37:56.390Z] > git status -z -uall [17ms]
[2022-08-17T12:37:56.401Z] > git symbolic-ref --short HEAD [1ms]
[2022-08-17T12:37:56.412Z] > git for-each-ref --format=%(refname)%00%(upstream:short)%00%(objectname)%00%(upstream:track)%00%(upstream:remotename)%00%(upstream:remoteref) refs/heads/master refs/remotes/master [2ms]
[2022-08-17T12:37:56.431Z] > git for-each-ref --sort -committerdate --format %(refname) %(objectname) %(*objectname) [8ms]
[2022-08-17T12:37:56.432Z] > git remote --verbose [2ms]
[2022-08-17T12:37:56.446Z] > git config --get commit.template [2ms]
[2022-08-17T12:37:56.505Z] > git config --local branch.master.github-pr-owner-number [4ms]
[2022-08-17T12:39:50.995Z] > git config --local branch.master.github-pr-owner-number [3ms]
[2022-08-17T12:41:52.530Z] > git show --textconv :index.html [18ms]
[2022-08-17T12:41:52.538Z] > git ls-files --stage -- /home/bbd/snap/react-intro/index.html [9ms]
[2022-08-17T12:41:52.679Z] > git check-ignore -v -z --stdin [14ms]
[2022-08-17T12:41:53.147Z] > git status -z -uall [5ms]
[2022-08-17T12:41:53.160Z] > git symbolic-ref --short HEAD [3ms]
[2022-08-17T12:41:53.171Z] > git for-each-ref --format=%(refname)%00%(upstream:short)%00%(objectname)%00%(upstream:track)%00%(upstream:remotename)%00%(upstream:remoteref) refs/heads/master refs/remotes/master [2ms]
[2022-08-17T12:41:53.190Z] > git for-each-ref --sort -committerdate --format %(refname) %(objectname) %(*objectname) [11ms]
[2022-08-17T12:41:53.192Z] > git remote --verbose [3ms]
[2022-08-17T12:41:53.221Z] > git config --get commit.template [11ms]
[2022-08-17T12:42:08.027Z] > git status -z -uall [3ms]
[2022-08-17T12:42:08.040Z] > git symbolic-ref --short HEAD [3ms]
[2022-08-17T12:42:08.063Z] > git for-each-ref --format=%(refname)%00%(upstream:short)%00%(objectname)%00%(upstream:track)%00%(upstream:remotename)%00%(upstream:remoteref) refs/heads/master refs/remotes/master [3ms]
[2022-08-17T12:42:08.083Z] > git remote --verbose [1ms]
[2022-08-17T12:42:08.084Z] > git for-each-ref --sort -committerdate --format %(refname) %(objectname) %(*objectname) [12ms]
[2022-08-17T12:42:08.099Z] > git config --get commit.template [1ms]
