["INFO" - 3:37:19 PM] Extension Name: esbenp.prettier-vscode.
["INFO" - 3:37:19 PM] Extension Version: 9.5.0.
["INFO" - 3:42:06 PM] Formatting file:///home/bbd/snap/react-intro/index.html
["INFO" - 3:42:06 PM] Using ignore file (if present) at /home/bbd/snap/react-intro/.prettierignore
["INFO" - 3:42:06 PM] File Info:
{
  "ignored": false,
  "inferredParser": "html"
}
["INFO" - 3:42:06 PM] No local configuration (i.e. .prettierrc or .editorconfig) detected, falling back to VS Code configuration
["INFO" - 3:42:06 PM] Prettier Options:
{
  "arrowParens": "always",
  "bracketSpacing": true,
  "endOfLine": "lf",
  "htmlWhitespaceSensitivity": "css",
  "insertPragma": false,
  "jsxBracketSameLine": false,
  "jsxSingleQuote": false,
  "printWidth": 40,
  "proseWrap": "preserve",
  "quoteProps": "as-needed",
  "requirePragma": false,
  "semi": true,
  "singleQuote": false,
  "tabWidth": 2,
  "trailingComma": "es5",
  "useTabs": false,
  "vueIndentScriptAndStyle": false,
  "filepath": "/home/bbd/snap/react-intro/index.html",
  "parser": "html"
}
["INFO" - 3:42:06 PM] Formatting completed in 0.12ms.
