[2022-08-17 15:09:45.488] [exthost] [info] Extension host with pid 56141 started
[2022-08-17 15:09:45.494] [exthost] [info] Skipping acquiring lock for /home/bbd/.config/Code/User/workspaceStorage/7f2afa3e866a46178de3ffb5c58a1265.
[2022-08-17 15:09:45.977] [exthost] [info] ExtensionService#_doActivateExtension GitHub.codespaces, startup: false, activationEvent: 'onView:github.codespaces.explorer'
[2022-08-17 15:09:46.576] [exthost] [info] ExtensionService#_doActivateExtension vscode.microsoft-authentication, startup: false, activationEvent: 'onAuthenticationRequest:microsoft'
[2022-08-17 15:09:46.772] [exthost] [info] ExtensionService#_doActivateExtension vscode.debug-auto-launch, startup: true, activationEvent: '*'
[2022-08-17 15:09:46.788] [exthost] [info] ExtensionService#_doActivateExtension vscode.git-base, startup: true, activationEvent: '*', root cause: vscode.git
[2022-08-17 15:09:46.807] [exthost] [info] ExtensionService#_doActivateExtension vscode.ipynb, startup: true, activationEvent: '*'
[2022-08-17 15:09:46.820] [exthost] [info] ExtensionService#_doActivateExtension donjayamanne.githistory, startup: true, activationEvent: '*'
[2022-08-17 15:09:46.914] [exthost] [info] ExtensionService#_doActivateExtension ecmel.vscode-html-css, startup: true, activationEvent: '*'
[2022-08-17 15:09:47.009] [exthost] [info] ExtensionService#_doActivateExtension formulahendry.auto-close-tag, startup: true, activationEvent: '*'
[2022-08-17 15:09:47.017] [exthost] [info] ExtensionService#_doActivateExtension formulahendry.auto-rename-tag, startup: true, activationEvent: '*'
[2022-08-17 15:09:47.767] [exthost] [info] ExtensionService#_doActivateExtension vscode.git, startup: true, activationEvent: '*'
[2022-08-17 15:09:47.820] [exthost] [info] ExtensionService#_doActivateExtension vscode.github, startup: true, activationEvent: '*'
[2022-08-17 15:09:49.445] [exthost] [info] ExtensionService#_doActivateExtension CloudStudio.github-authentication, startup: false, activationEvent: 'onAuthenticationRequest:github'
[2022-08-17 15:09:50.369] [exthost] [info] Eager extensions activated
[2022-08-17 15:09:50.372] [exthost] [info] ExtensionService#_doActivateExtension vscode.emmet, startup: false, activationEvent: 'onStartupFinished'
[2022-08-17 15:09:50.384] [exthost] [info] ExtensionService#_doActivateExtension vscode.merge-conflict, startup: false, activationEvent: 'onStartupFinished'
[2022-08-17 15:09:50.387] [exthost] [info] ExtensionService#_doActivateExtension esbenp.prettier-vscode, startup: false, activationEvent: 'onStartupFinished'
[2022-08-17 15:09:50.459] [exthost] [info] ExtensionService#_doActivateExtension ritwickdey.LiveServer, startup: false, activationEvent: 'onStartupFinished'
[2022-08-17 15:10:42.166] [exthost] [info] ExtensionService#_doActivateExtension vscode.configuration-editing, startup: false, activationEvent: 'onLanguage:jsonc'
[2022-08-17 15:10:42.172] [exthost] [info] ExtensionService#_doActivateExtension vscode.json-language-features, startup: false, activationEvent: 'onLanguage:jsonc'
[2022-08-17 15:10:42.294] [exthost] [info] ExtensionService#_doActivateExtension vscode.typescript-language-features, startup: false, activationEvent: 'onLanguage:jsonc'
[2022-08-17 15:10:57.796] [exthost] [info] Extension host terminating: received terminate message from renderer
[2022-08-17 15:10:57.920] [exthost] [info] Extension host with pid 56141 exiting with code 0
