[Info  - 12:42:52.349] Reading sessions from keychain...
[Info  - 12:42:53.207] Getting sessions for user:email...
[Info  - 12:42:53.208] Got 0 sessions for user:email...
[Info  - 12:42:53.904] Getting sessions for all scopes...
[Info  - 12:42:53.907] Got 0 sessions for ...
[Info  - 12:42:55.276] Getting sessions for all scopes...
[Info  - 12:42:55.277] Got 0 sessions for ...
[Info  - 12:42:56.236] Getting sessions for user:email...
[Info  - 12:42:56.236] Got 0 sessions for user:email...
[Info  - 12:42:58.461] Logging in for the following scopes: user:email
[Info  - 12:42:58.468] Trying without local server... (user:email)
[Error  - 12:43:21.393] User Cancelled
[Info  - 12:43:42.509] Getting sessions for all scopes...
[Info  - 12:43:42.509] Got 0 sessions for ...
[Info  - 12:43:43.230] Getting sessions for user:email...
[Info  - 12:43:43.230] Got 0 sessions for user:email...
[Info  - 12:43:44.69] Logging in for the following scopes: user:email
[Info  - 12:43:44.78] Trying without local server... (user:email)
[Error  - 12:43:47.589] User Cancelled
[Error  - 12:43:47.635] Error: Cancelled
[Error  - 12:43:47.706] Error: Cancelled
[Error  - 12:43:47.769] Error: Cancelled
[Info  - 12:43:48.705] Trying device code flow... (user:email)
[Info  - 12:44:16.82] Getting user info...
[Info  - 12:44:16.448] Got account info!
[Info  - 12:44:16.448] Storing 1 sessions...
[Error  - 12:44:16.515] Setting token failed: Error: GDBus.Error:org.freedesktop.DBus.Error.ServiceUnknown: The name org.freedesktop.secrets was not provided by any .service files
[Info  - 12:44:16.516] Stored 1 sessions!
[Info  - 12:44:16.531] Login success!
[Info  - 12:44:16.548] Getting sessions for user:email...
[Info  - 12:44:16.548] Getting sessions for user:email...
[Info  - 12:44:16.548] Got 1 sessions for user:email...
[Info  - 12:44:16.548] Got 1 sessions for user:email...
